<?xml version="1.0" encoding="UTF-8" ?>
<testsuites name="vitest tests" tests="6" failures="0" errors="0" time="0.059111334">
    <testsuite name="src/test/redesignAbbild.test.tsx" timestamp="2026-08-18T01:12:40.985Z" hostname="Mac" tests="6" failures="0" errors="0" skipped="0" time="0.059111334">
        <testcase classname="src/test/redesignAbbild.test.tsx" name="Bildprobe Redesign &gt; schreibt die Seitenleiste als Seite nach dist-probe/" time="0.009162459">
            <system-err>
Warning: useLayoutEffect does nothing on the server, because its effect cannot be encoded into the server renderer&apos;s output format. This will lead to a mismatch between the initial, non-hydrated UI and the intended UI. To avoid this, useLayoutEffect should only be used in components that render exclusively on the client. See https://reactjs.org/link/uselayouteffect-ssr for common fixes.
    at MemoryRouter (/Users/xaaronvx/Desktop/ Partsunion Archiv/Admin-Dashboard/node_modules/react-router/dist/umd/react-router.development.js:1101:7)
    at QueryClientProvider (file:///Users/xaaronvx/Desktop/%20Partsunion%20Archiv/Admin-Dashboard/node_modules/@tanstack/react-query/build/modern/QueryClientProvider.js:20:3)
Warning: useLayoutEffect does nothing on the server, because its effect cannot be encoded into the server renderer&apos;s output format. This will lead to a mismatch between the initial, non-hydrated UI and the intended UI. To avoid this, useLayoutEffect should only be used in components that render exclusively on the client. See https://reactjs.org/link/uselayouteffect-ssr for common fixes.
    at LinkWithRef (/Users/xaaronvx/Desktop/ Partsunion Archiv/Admin-Dashboard/node_modules/react-router-dom/dist/umd/react-router-dom.development.js:814:9)
    at NavLinkWithRef (/Users/xaaronvx/Desktop/ Partsunion Archiv/Admin-Dashboard/node_modules/react-router-dom/dist/umd/react-router-dom.development.js:892:25)
    at SidebarLink (/Users/xaaronvx/Desktop/ Partsunion Archiv/Admin-Dashboard/src/components/layout/AdminSidebar.tsx:364:24)
    at li
    at ul
    at div
    at SidebarSection (/Users/xaaronvx/Desktop/ Partsunion Archiv/Admin-Dashboard/src/components/layout/AdminSidebar.tsx:328:27)
    at nav
    at SidebarNav (/Users/xaaronvx/Desktop/ Partsunion Archiv/Admin-Dashboard/src/components/layout/AdminSidebar.tsx:302:23)
    at aside
    at Provider (file:///Users/xaaronvx/Desktop/%20Partsunion%20Archiv/Admin-Dashboard/node_modules/@radix-ui/react-context/dist/index.mjs:27:15)
    at TooltipProvider (file:///Users/xaaronvx/Desktop/%20Partsunion%20Archiv/Admin-Dashboard/node_modules/@radix-ui/react-tooltip/dist/index.mjs:29:5)
    at TooltipProvider (/Users/xaaronvx/Desktop/ Partsunion Archiv/Admin-Dashboard/src/components/ui/tooltip.tsx:15:28)
    at AdminSidebar (/Users/xaaronvx/Desktop/ Partsunion Archiv/Admin-Dashboard/src/components/layout/AdminSidebar.tsx:140:25)
    at Router (/Users/xaaronvx/Desktop/ Partsunion Archiv/Admin-Dashboard/node_modules/react-router/dist/umd/react-router.development.js:1207:17)
    at MemoryRouter (/Users/xaaronvx/Desktop/ Partsunion Archiv/Admin-Dashboard/node_modules/react-router/dist/umd/react-router.development.js:1101:7)
    at QueryClientProvider (file:///Users/xaaronvx/Desktop/%20Partsunion%20Archiv/Admin-Dashboard/node_modules/@tanstack/react-query/build/modern/QueryClientProvider.js:20:3)
Warning: useLayoutEffect does nothing on the server, because its effect cannot be encoded into the server renderer&apos;s output format. This will lead to a mismatch between the initial, non-hydrated UI and the intended UI. To avoid this, useLayoutEffect should only be used in components that render exclusively on the client. See https://reactjs.org/link/uselayouteffect-ssr for common fixes.
    at LinkWithRef (/Users/xaaronvx/Desktop/ Partsunion Archiv/Admin-Dashboard/node_modules/react-router-dom/dist/umd/react-router-dom.development.js:814:9)
    at NavLinkWithRef (/Users/xaaronvx/Desktop/ Partsunion Archiv/Admin-Dashboard/node_modules/react-router-dom/dist/umd/react-router-dom.development.js:892:25)
    at SidebarLink (/Users/xaaronvx/Desktop/ Partsunion Archiv/Admin-Dashboard/src/components/layout/AdminSidebar.tsx:364:24)
    at li
    at ul
    at div
    at SidebarSection (/Users/xaaronvx/Desktop/ Partsunion Archiv/Admin-Dashboard/src/components/layout/AdminSidebar.tsx:328:27)
    at nav
    at SidebarNav (/Users/xaaronvx/Desktop/ Partsunion Archiv/Admin-Dashboard/src/components/layout/AdminSidebar.tsx:302:23)
    at aside
    at Provider (file:///Users/xaaronvx/Desktop/%20Partsunion%20Archiv/Admin-Dashboard/node_modules/@radix-ui/react-context/dist/index.mjs:27:15)
    at TooltipProvider (file:///Users/xaaronvx/Desktop/%20Partsunion%20Archiv/Admin-Dashboard/node_modules/@radix-ui/react-tooltip/dist/index.mjs:29:5)
    at TooltipProvider (/Users/xaaronvx/Desktop/ Partsunion Archiv/Admin-Dashboard/src/components/ui/tooltip.tsx:15:28)
    at AdminSidebar (/Users/xaaronvx/Desktop/ Partsunion Archiv/Admin-Dashboard/src/components/layout/AdminSidebar.tsx:140:25)
    at Router (/Users/xaaronvx/Desktop/ Partsunion Archiv/Admin-Dashboard/node_modules/react-router/dist/umd/react-router.development.js:1207:17)
    at MemoryRouter (/Users/xaaronvx/Desktop/ Partsunion Archiv/Admin-Dashboard/node_modules/react-router/dist/umd/react-router.development.js:1101:7)
    at QueryClientProvider (file:///Users/xaaronvx/Desktop/%20Partsunion%20Archiv/Admin-Dashboard/node_modules/@tanstack/react-query/build/modern/QueryClientProvider.js:20:3)
Warning: useLayoutEffect does nothing on the server, because its effect cannot be encoded into the server renderer&apos;s output format. This will lead to a mismatch between the initial, non-hydrated UI and the intended UI. To avoid this, useLayoutEffect should only be used in components that render exclusively on the client. See https://reactjs.org/link/uselayouteffect-ssr for common fixes.
    at LinkWithRef (/Users/xaaronvx/Desktop/ Partsunion Archiv/Admin-Dashboard/node_modules/react-router-dom/dist/umd/react-router-dom.development.js:814:9)
    at NavLinkWithRef (/Users/xaaronvx/Desktop/ Partsunion Archiv/Admin-Dashboard/node_modules/react-router-dom/dist/umd/react-router-dom.development.js:892:25)
    at SidebarLink (/Users/xaaronvx/Desktop/ Partsunion Archiv/Admin-Dashboard/src/components/layout/AdminSidebar.tsx:364:24)
    at li
    at ul
    at div
    at SidebarSection (/Users/xaaronvx/Desktop/ Partsunion Archiv/Admin-Dashboard/src/components/layout/AdminSidebar.tsx:328:27)
    at nav
    at SidebarNav (/Users/xaaronvx/Desktop/ Partsunion Archiv/Admin-Dashboard/src/components/layout/AdminSidebar.tsx:302:23)
    at aside
    at Provider (file:///Users/xaaronvx/Desktop/%20Partsunion%20Archiv/Admin-Dashboard/node_modules/@radix-ui/react-context/dist/index.mjs:27:15)
    at TooltipProvider (file:///Users/xaaronvx/Desktop/%20Partsunion%20Archiv/Admin-Dashboard/node_modules/@radix-ui/react-tooltip/dist/index.mjs:29:5)
    at TooltipProvider (/Users/xaaronvx/Desktop/ Partsunion Archiv/Admin-Dashboard/src/components/ui/tooltip.tsx:15:28)
    at AdminSidebar (/Users/xaaronvx/Desktop/ Partsunion Archiv/Admin-Dashboard/src/components/layout/AdminSidebar.tsx:140:25)
    at Router (/Users/xaaronvx/Desktop/ Partsunion Archiv/Admin-Dashboard/node_modules/react-router/dist/umd/react-router.development.js:1207:17)
    at MemoryRouter (/Users/xaaronvx/Desktop/ Partsunion Archiv/Admin-Dashboard/node_modules/react-router/dist/umd/react-router.development.js:1101:7)
    at QueryClientProvider (file:///Users/xaaronvx/Desktop/%20Partsunion%20Archiv/Admin-Dashboard/node_modules/@tanstack/react-query/build/modern/QueryClientProvider.js:20:3)
Warning: useLayoutEffect does nothing on the server, because its effect cannot be encoded into the server renderer&apos;s output format. This will lead to a mismatch between the initial, non-hydrated UI and the intended UI. To avoid this, useLayoutEffect should only be used in components that render exclusively on the client. See https://reactjs.org/link/uselayouteffect-ssr for common fixes.
    at LinkWithRef (/Users/xaaronvx/Desktop/ Partsunion Archiv/Admin-Dashboard/node_modules/react-router-dom/dist/umd/react-router-dom.development.js:814:9)
    at NavLinkWithRef (/Users/xaaronvx/Desktop/ Partsunion Archiv/Admin-Dashboard/node_modules/react-router-dom/dist/umd/react-router-dom.development.js:892:25)
    at SidebarLink (/Users/xaaronvx/Desktop/ Partsunion Archiv/Admin-Dashboard/src/components/layout/AdminSidebar.tsx:364:24)
    at li
    at ul
    at div
    at SidebarSection (/Users/xaaronvx/Desktop/ Partsunion Archiv/Admin-Dashboard/src/components/layout/AdminSidebar.tsx:328:27)
    at nav
    at SidebarNav (/Users/xaaronvx/Desktop/ Partsunion Archiv/Admin-Dashboard/src/components/layout/AdminSidebar.tsx:302:23)
    at aside
    at Provider (file:///Users/xaaronvx/Desktop/%20Partsunion%20Archiv/Admin-Dashboard/node_modules/@radix-ui/react-context/dist/index.mjs:27:15)
    at TooltipProvider (file:///Users/xaaronvx/Desktop/%20Partsunion%20Archiv/Admin-Dashboard/node_modules/@radix-ui/react-tooltip/dist/index.mjs:29:5)
    at TooltipProvider (/Users/xaaronvx/Desktop/ Partsunion Archiv/Admin-Dashboard/src/components/ui/tooltip.tsx:15:28)
    at AdminSidebar (/Users/xaaronvx/Desktop/ Partsunion Archiv/Admin-Dashboard/src/components/layout/AdminSidebar.tsx:140:25)
    at Router (/Users/xaaronvx/Desktop/ Partsunion Archiv/Admin-Dashboard/node_modules/react-router/dist/umd/react-router.development.js:1207:17)
    at MemoryRouter (/Users/xaaronvx/Desktop/ Partsunion Archiv/Admin-Dashboard/node_modules/react-router/dist/umd/react-router.development.js:1101:7)
    at QueryClientProvider (file:///Users/xaaronvx/Desktop/%20Partsunion%20Archiv/Admin-Dashboard/node_modules/@tanstack/react-query/build/modern/QueryClientProvider.js:20:3)
Warning: useLayoutEffect does nothing on the server, because its effect cannot be encoded into the server renderer&apos;s output format. This will lead to a mismatch between the initial, non-hydrated UI and the intended UI. To avoid this, useLayoutEffect should only be used in components that render exclusively on the client. See https://reactjs.org/link/uselayouteffect-ssr for common fixes.
    at LinkWithRef (/Users/xaaronvx/Desktop/ Partsunion Archiv/Admin-Dashboard/node_modules/react-router-dom/dist/umd/react-router-dom.development.js:814:9)
    at NavLinkWithRef (/Users/xaaronvx/Desktop/ Partsunion Archiv/Admin-Dashboard/node_modules/react-router-dom/dist/umd/react-router-dom.development.js:892:25)
    at SidebarLink (/Users/xaaronvx/Desktop/ Partsunion Archiv/Admin-Dashboard/src/components/layout/AdminSidebar.tsx:364:24)
    at li
    at ul
    at div
    at SidebarSection (/Users/xaaronvx/Desktop/ Partsunion Archiv/Admin-Dashboard/src/components/layout/AdminSidebar.tsx:328:27)
    at nav
    at SidebarNav (/Users/xaaronvx/Desktop/ Partsunion Archiv/Admin-Dashboard/src/components/layout/AdminSidebar.tsx:302:23)
    at aside
    at Provider (file:///Users/xaaronvx/Desktop/%20Partsunion%20Archiv/Admin-Dashboard/node_modules/@radix-ui/react-context/dist/index.mjs:27:15)
    at TooltipProvider (file:///Users/xaaronvx/Desktop/%20Partsunion%20Archiv/Admin-Dashboard/node_modules/@radix-ui/react-tooltip/dist/index.mjs:29:5)
    at TooltipProvider (/Users/xaaronvx/Desktop/ Partsunion Archiv/Admin-Dashboard/src/components/ui/tooltip.tsx:15:28)
    at AdminSidebar (/Users/xaaronvx/Desktop/ Partsunion Archiv/Admin-Dashboard/src/components/layout/AdminSidebar.tsx:140:25)
    at Router (/Users/xaaronvx/Desktop/ Partsunion Archiv/Admin-Dashboard/node_modules/react-router/dist/umd/react-router.development.js:1207:17)
    at MemoryRouter (/Users/xaaronvx/Desktop/ Partsunion Archiv/Admin-Dashboard/node_modules/react-router/dist/umd/react-router.development.js:1101:7)
    at QueryClientProvider (file:///Users/xaaronvx/Desktop/%20Partsunion%20Archiv/Admin-Dashboard/node_modules/@tanstack/react-query/build/modern/QueryClientProvider.js:20:3)
Warning: useLayoutEffect does nothing on the server, because its effect cannot be encoded into the server renderer&apos;s output format. This will lead to a mismatch between the initial, non-hydrated UI and the intended UI. To avoid this, useLayoutEffect should only be used in components that render exclusively on the client. See https://reactjs.org/link/uselayouteffect-ssr for common fixes.
    at LinkWithRef (/Users/xaaronvx/Desktop/ Partsunion Archiv/Admin-Dashboard/node_modules/react-router-dom/dist/umd/react-router-dom.development.js:814:9)
    at NavLinkWithRef (/Users/xaaronvx/Desktop/ Partsunion Archiv/Admin-Dashboard/node_modules/react-router-dom/dist/umd/react-router-dom.development.js:892:25)
    at SidebarLink (/Users/xaaronvx/Desktop/ Partsunion Archiv/Admin-Dashboard/src/components/layout/AdminSidebar.tsx:364:24)
    at li
    at ul
    at div
    at SidebarSection (/Users/xaaronvx/Desktop/ Partsunion Archiv/Admin-Dashboard/src/components/layout/AdminSidebar.tsx:328:27)
    at nav
    at SidebarNav (/Users/xaaronvx/Desktop/ Partsunion Archiv/Admin-Dashboard/src/components/layout/AdminSidebar.tsx:302:23)
    at aside
    at Provider (file:///Users/xaaronvx/Desktop/%20Partsunion%20Archiv/Admin-Dashboard/node_modules/@radix-ui/react-context/dist/index.mjs:27:15)
    at TooltipProvider (file:///Users/xaaronvx/Desktop/%20Partsunion%20Archiv/Admin-Dashboard/node_modules/@radix-ui/react-tooltip/dist/index.mjs:29:5)
    at TooltipProvider (/Users/xaaronvx/Desktop/ Partsunion Archiv/Admin-Dashboard/src/components/ui/tooltip.tsx:15:28)
    at AdminSidebar (/Users/xaaronvx/Desktop/ Partsunion Archiv/Admin-Dashboard/src/components/layout/AdminSidebar.tsx:140:25)
    at Router (/Users/xaaronvx/Desktop/ Partsunion Archiv/Admin-Dashboard/node_modules/react-router/dist/umd/react-router.development.js:1207:17)
    at MemoryRouter (/Users/xaaronvx/Desktop/ Partsunion Archiv/Admin-Dashboard/node_modules/react-router/dist/umd/react-router.development.js:1101:7)
    at QueryClientProvider (file:///Users/xaaronvx/Desktop/%20Partsunion%20Archiv/Admin-Dashboard/node_modules/@tanstack/react-query/build/modern/QueryClientProvider.js:20:3)
Warning: useLayoutEffect does nothing on the server, because its effect cannot be encoded into the server renderer&apos;s output format. This will lead to a mismatch between the initial, non-hydrated UI and the intended UI. To avoid this, useLayoutEffect should only be used in components that render exclusively on the client. See https://reactjs.org/link/uselayouteffect-ssr for common fixes.
    at LinkWithRef (/Users/xaaronvx/Desktop/ Partsunion Archiv/Admin-Dashboard/node_modules/react-router-dom/dist/umd/react-router-dom.development.js:814:9)
    at NavLinkWithRef (/Users/xaaronvx/Desktop/ Partsunion Archiv/Admin-Dashboard/node_modules/react-router-dom/dist/umd/react-router-dom.development.js:892:25)
    at SidebarLink (/Users/xaaronvx/Desktop/ Partsunion Archiv/Admin-Dashboard/src/components/layout/AdminSidebar.tsx:364:24)
    at li
    at ul
    at div
    at SidebarSection (/Users/xaaronvx/Desktop/ Partsunion Archiv/Admin-Dashboard/src/components/layout/AdminSidebar.tsx:328:27)
    at nav
    at SidebarNav (/Users/xaaronvx/Desktop/ Partsunion Archiv/Admin-Dashboard/src/components/layout/AdminSidebar.tsx:302:23)
    at aside
    at Provider (file:///Users/xaaronvx/Desktop/%20Partsunion%20Archiv/Admin-Dashboard/node_modules/@radix-ui/react-context/dist/index.mjs:27:15)
    at TooltipProvider (file:///Users/xaaronvx/Desktop/%20Partsunion%20Archiv/Admin-Dashboard/node_modules/@radix-ui/react-tooltip/dist/index.mjs:29:5)
    at TooltipProvider (/Users/xaaronvx/Desktop/ Partsunion Archiv/Admin-Dashboard/src/components/ui/tooltip.tsx:15:28)
    at AdminSidebar (/Users/xaaronvx/Desktop/ Partsunion Archiv/Admin-Dashboard/src/components/layout/AdminSidebar.tsx:140:25)
    at Router (/Users/xaaronvx/Desktop/ Partsunion Archiv/Admin-Dashboard/node_modules/react-router/dist/umd/react-router.development.js:1207:17)
    at MemoryRouter (/Users/xaaronvx/Desktop/ Partsunion Archiv/Admin-Dashboard/node_modules/react-router/dist/umd/react-router.development.js:1101:7)
    at QueryClientProvider (file:///Users/xaaronvx/Desktop/%20Partsunion%20Archiv/Admin-Dashboard/node_modules/@tanstack/react-query/build/modern/QueryClientProvider.js:20:3)
Warning: useLayoutEffect does nothing on the server, because its effect cannot be encoded into the server renderer&apos;s output format. This will lead to a mismatch between the initial, non-hydrated UI and the intended UI. To avoid this, useLayoutEffect should only be used in components that render exclusively on the client. See https://reactjs.org/link/uselayouteffect-ssr for common fixes.
    at LinkWithRef (/Users/xaaronvx/Desktop/ Partsunion Archiv/Admin-Dashboard/node_modules/react-router-dom/dist/umd/react-router-dom.development.js:814:9)
    at NavLinkWithRef (/Users/xaaronvx/Desktop/ Partsunion Archiv/Admin-Dashboard/node_modules/react-router-dom/dist/umd/react-router-dom.development.js:892:25)
    at SidebarLink (/Users/xaaronvx/Desktop/ Partsunion Archiv/Admin-Dashboard/src/components/layout/AdminSidebar.tsx:364:24)
    at li
    at ul
    at div
    at SidebarSection (/Users/xaaronvx/Desktop/ Partsunion Archiv/Admin-Dashboard/src/components/layout/AdminSidebar.tsx:328:27)
    at nav
    at SidebarNav (/Users/xaaronvx/Desktop/ Partsunion Archiv/Admin-Dashboard/src/components/layout/AdminSidebar.tsx:302:23)
    at aside
    at Provider (file:///Users/xaaronvx/Desktop/%20Partsunion%20Archiv/Admin-Dashboard/node_modules/@radix-ui/react-context/dist/index.mjs:27:15)
    at TooltipProvider (file:///Users/xaaronvx/Desktop/%20Partsunion%20Archiv/Admin-Dashboard/node_modules/@radix-ui/react-tooltip/dist/index.mjs:29:5)
    at TooltipProvider (/Users/xaaronvx/Desktop/ Partsunion Archiv/Admin-Dashboard/src/components/ui/tooltip.tsx:15:28)
    at AdminSidebar (/Users/xaaronvx/Desktop/ Partsunion Archiv/Admin-Dashboard/src/components/layout/AdminSidebar.tsx:140:25)
    at Router (/Users/xaaronvx/Desktop/ Partsunion Archiv/Admin-Dashboard/node_modules/react-router/dist/umd/react-router.development.js:1207:17)
    at MemoryRouter (/Users/xaaronvx/Desktop/ Partsunion Archiv/Admin-Dashboard/node_modules/react-router/dist/umd/react-router.development.js:1101:7)
    at QueryClientProvider (file:///Users/xaaronvx/Desktop/%20Partsunion%20Archiv/Admin-Dashboard/node_modules/@tanstack/react-query/build/modern/QueryClientProvider.js:20:3)
Warning: useLayoutEffect does nothing on the server, because its effect cannot be encoded into the server renderer&apos;s output format. This will lead to a mismatch between the initial, non-hydrated UI and the intended UI. To avoid this, useLayoutEffect should only be used in components that render exclusively on the client. See https://reactjs.org/link/uselayouteffect-ssr for common fixes.
    at LinkWithRef (/Users/xaaronvx/Desktop/ Partsunion Archiv/Admin-Dashboard/node_modules/react-router-dom/dist/umd/react-router-dom.development.js:814:9)
    at NavLinkWithRef (/Users/xaaronvx/Desktop/ Partsunion Archiv/Admin-Dashboard/node_modules/react-router-dom/dist/umd/react-router-dom.development.js:892:25)
    at SidebarLink (/Users/xaaronvx/Desktop/ Partsunion Archiv/Admin-Dashboard/src/components/layout/AdminSidebar.tsx:364:24)
    at li
    at ul
    at div
    at SidebarSection (/Users/xaaronvx/Desktop/ Partsunion Archiv/Admin-Dashboard/src/components/layout/AdminSidebar.tsx:328:27)
    at nav
    at SidebarNav (/Users/xaaronvx/Desktop/ Partsunion Archiv/Admin-Dashboard/src/components/layout/AdminSidebar.tsx:302:23)
    at aside
    at Provider (file:///Users/xaaronvx/Desktop/%20Partsunion%20Archiv/Admin-Dashboard/node_modules/@radix-ui/react-context/dist/index.mjs:27:15)
    at TooltipProvider (file:///Users/xaaronvx/Desktop/%20Partsunion%20Archiv/Admin-Dashboard/node_modules/@radix-ui/react-tooltip/dist/index.mjs:29:5)
    at TooltipProvider (/Users/xaaronvx/Desktop/ Partsunion Archiv/Admin-Dashboard/src/components/ui/tooltip.tsx:15:28)
    at AdminSidebar (/Users/xaaronvx/Desktop/ Partsunion Archiv/Admin-Dashboard/src/components/layout/AdminSidebar.tsx:140:25)
    at Router (/Users/xaaronvx/Desktop/ Partsunion Archiv/Admin-Dashboard/node_modules/react-router/dist/umd/react-router.development.js:1207:17)
    at MemoryRouter (/Users/xaaronvx/Desktop/ Partsunion Archiv/Admin-Dashboard/node_modules/react-router/dist/umd/react-router.development.js:1101:7)
    at QueryClientProvider (file:///Users/xaaronvx/Desktop/%20Partsunion%20Archiv/Admin-Dashboard/node_modules/@tanstack/react-query/build/modern/QueryClientProvider.js:20:3)
Warning: useLayoutEffect does nothing on the server, because its effect cannot be encoded into the server renderer&apos;s output format. This will lead to a mismatch between the initial, non-hydrated UI and the intended UI. To avoid this, useLayoutEffect should only be used in components that render exclusively on the client. See https://reactjs.org/link/uselayouteffect-ssr for common fixes.
    at LinkWithRef (/Users/xaaronvx/Desktop/ Partsunion Archiv/Admin-Dashboard/node_modules/react-router-dom/dist/umd/react-router-dom.development.js:814:9)
    at NavLinkWithRef (/Users/xaaronvx/Desktop/ Partsunion Archiv/Admin-Dashboard/node_modules/react-router-dom/dist/umd/react-router-dom.development.js:892:25)
    at SidebarLink (/Users/xaaronvx/Desktop/ Partsunion Archiv/Admin-Dashboard/src/components/layout/AdminSidebar.tsx:364:24)
    at li
    at ul
    at div
    at SidebarSection (/Users/xaaronvx/Desktop/ Partsunion Archiv/Admin-Dashboard/src/components/layout/AdminSidebar.tsx:328:27)
    at nav
    at SidebarNav (/Users/xaaronvx/Desktop/ Partsunion Archiv/Admin-Dashboard/src/components/layout/AdminSidebar.tsx:302:23)
    at aside
    at Provider (file:///Users/xaaronvx/Desktop/%20Partsunion%20Archiv/Admin-Dashboard/node_modules/@radix-ui/react-context/dist/index.mjs:27:15)
    at TooltipProvider (file:///Users/xaaronvx/Desktop/%20Partsunion%20Archiv/Admin-Dashboard/node_modules/@radix-ui/react-tooltip/dist/index.mjs:29:5)
    at TooltipProvider (/Users/xaaronvx/Desktop/ Partsunion Archiv/Admin-Dashboard/src/components/ui/tooltip.tsx:15:28)
    at AdminSidebar (/Users/xaaronvx/Desktop/ Partsunion Archiv/Admin-Dashboard/src/components/layout/AdminSidebar.tsx:140:25)
    at Router (/Users/xaaronvx/Desktop/ Partsunion Archiv/Admin-Dashboard/node_modules/react-router/dist/umd/react-router.development.js:1207:17)
    at MemoryRouter (/Users/xaaronvx/Desktop/ Partsunion Archiv/Admin-Dashboard/node_modules/react-router/dist/umd/react-router.development.js:1101:7)
    at QueryClientProvider (file:///Users/xaaronvx/Desktop/%20Partsunion%20Archiv/Admin-Dashboard/node_modules/@tanstack/react-query/build/modern/QueryClientProvider.js:20:3)
Warning: useLayoutEffect does nothing on the server, because its effect cannot be encoded into the server renderer&apos;s output format. This will lead to a mismatch between the initial, non-hydrated UI and the intended UI. To avoid this, useLayoutEffect should only be used in components that render exclusively on the client. See https://reactjs.org/link/uselayouteffect-ssr for common fixes.
    at LinkWithRef (/Users/xaaronvx/Desktop/ Partsunion Archiv/Admin-Dashboard/node_modules/react-router-dom/dist/umd/react-router-dom.development.js:814:9)
    at NavLinkWithRef (/Users/xaaronvx/Desktop/ Partsunion Archiv/Admin-Dashboard/node_modules/react-router-dom/dist/umd/react-router-dom.development.js:892:25)
    at SidebarLink (/Users/xaaronvx/Desktop/ Partsunion Archiv/Admin-Dashboard/src/components/layout/AdminSidebar.tsx:364:24)
    at li
    at ul
    at div
    at SidebarSection (/Users/xaaronvx/Desktop/ Partsunion Archiv/Admin-Dashboard/src/components/layout/AdminSidebar.tsx:328:27)
    at nav
    at SidebarNav (/Users/xaaronvx/Desktop/ Partsunion Archiv/Admin-Dashboard/src/components/layout/AdminSidebar.tsx:302:23)
    at aside
    at Provider (file:///Users/xaaronvx/Desktop/%20Partsunion%20Archiv/Admin-Dashboard/node_modules/@radix-ui/react-context/dist/index.mjs:27:15)
    at TooltipProvider (file:///Users/xaaronvx/Desktop/%20Partsunion%20Archiv/Admin-Dashboard/node_modules/@radix-ui/react-tooltip/dist/index.mjs:29:5)
    at TooltipProvider (/Users/xaaronvx/Desktop/ Partsunion Archiv/Admin-Dashboard/src/components/ui/tooltip.tsx:15:28)
    at AdminSidebar (/Users/xaaronvx/Desktop/ Partsunion Archiv/Admin-Dashboard/src/components/layout/AdminSidebar.tsx:140:25)
    at Router (/Users/xaaronvx/Desktop/ Partsunion Archiv/Admin-Dashboard/node_modules/react-router/dist/umd/react-router.development.js:1207:17)
    at MemoryRouter (/Users/xaaronvx/Desktop/ Partsunion Archiv/Admin-Dashboard/node_modules/react-router/dist/umd/react-router.development.js:1101:7)
    at QueryClientProvider (file:///Users/xaaronvx/Desktop/%20Partsunion%20Archiv/Admin-Dashboard/node_modules/@tanstack/react-query/build/modern/QueryClientProvider.js:20:3)
Warning: useLayoutEffect does nothing on the server, because its effect cannot be encoded into the server renderer&apos;s output format. This will lead to a mismatch between the initial, non-hydrated UI and the intended UI. To avoid this, useLayoutEffect should only be used in components that render exclusively on the client. See https://reactjs.org/link/uselayouteffect-ssr for common fixes.
    at Dialog (file:///Users/xaaronvx/Desktop/%20Partsunion%20Archiv/Admin-Dashboard/node_modules/@radix-ui/react-dialog/dist/index.mjs:25:5)
    at Sheet (/Users/xaaronvx/Desktop/ Partsunion Archiv/Admin-Dashboard/src/components/ui/sheet.tsx:21:21)
    at Provider (file:///Users/xaaronvx/Desktop/%20Partsunion%20Archiv/Admin-Dashboard/node_modules/@radix-ui/react-context/dist/index.mjs:27:15)
    at TooltipProvider (file:///Users/xaaronvx/Desktop/%20Partsunion%20Archiv/Admin-Dashboard/node_modules/@radix-ui/react-tooltip/dist/index.mjs:29:5)
    at TooltipProvider (/Users/xaaronvx/Desktop/ Partsunion Archiv/Admin-Dashboard/src/components/ui/tooltip.tsx:15:28)
    at AdminSidebar (/Users/xaaronvx/Desktop/ Partsunion Archiv/Admin-Dashboard/src/components/layout/AdminSidebar.tsx:140:25)
    at Router (/Users/xaaronvx/Desktop/ Partsunion Archiv/Admin-Dashboard/node_modules/react-router/dist/umd/react-router.development.js:1207:17)
    at MemoryRouter (/Users/xaaronvx/Desktop/ Partsunion Archiv/Admin-Dashboard/node_modules/react-router/dist/umd/react-router.development.js:1101:7)
    at QueryClientProvider (file:///Users/xaaronvx/Desktop/%20Partsunion%20Archiv/Admin-Dashboard/node_modules/@tanstack/react-query/build/modern/QueryClientProvider.js:20:3)
Warning: useLayoutEffect does nothing on the server, because its effect cannot be encoded into the server renderer&apos;s output format. This will lead to a mismatch between the initial, non-hydrated UI and the intended UI. To avoid this, useLayoutEffect should only be used in components that render exclusively on the client. See https://reactjs.org/link/uselayouteffect-ssr for common fixes.
    at Dialog (file:///Users/xaaronvx/Desktop/%20Partsunion%20Archiv/Admin-Dashboard/node_modules/@radix-ui/react-dialog/dist/index.mjs:25:5)
    at Sheet (/Users/xaaronvx/Desktop/ Partsunion Archiv/Admin-Dashboard/src/components/ui/sheet.tsx:21:21)
    at Provider (file:///Users/xaaronvx/Desktop/%20Partsunion%20Archiv/Admin-Dashboard/node_modules/@radix-ui/react-context/dist/index.mjs:27:15)
    at TooltipProvider (file:///Users/xaaronvx/Desktop/%20Partsunion%20Archiv/Admin-Dashboard/node_modules/@radix-ui/react-tooltip/dist/index.mjs:29:5)
    at TooltipProvider (/Users/xaaronvx/Desktop/ Partsunion Archiv/Admin-Dashboard/src/components/ui/tooltip.tsx:15:28)
    at AdminSidebar (/Users/xaaronvx/Desktop/ Partsunion Archiv/Admin-Dashboard/src/components/layout/AdminSidebar.tsx:140:25)
    at Router (/Users/xaaronvx/Desktop/ Partsunion Archiv/Admin-Dashboard/node_modules/react-router/dist/umd/react-router.development.js:1207:17)
    at MemoryRouter (/Users/xaaronvx/Desktop/ Partsunion Archiv/Admin-Dashboard/node_modules/react-router/dist/umd/react-router.development.js:1101:7)
    at QueryClientProvider (file:///Users/xaaronvx/Desktop/%20Partsunion%20Archiv/Admin-Dashboard/node_modules/@tanstack/react-query/build/modern/QueryClientProvider.js:20:3)
Warning: useLayoutEffect does nothing on the server, because its effect cannot be encoded into the server renderer&apos;s output format. This will lead to a mismatch between the initial, non-hydrated UI and the intended UI. To avoid this, useLayoutEffect should only be used in components that render exclusively on the client. See https://reactjs.org/link/uselayouteffect-ssr for common fixes.
    at Dialog (file:///Users/xaaronvx/Desktop/%20Partsunion%20Archiv/Admin-Dashboard/node_modules/@radix-ui/react-dialog/dist/index.mjs:25:5)
    at Sheet (/Users/xaaronvx/Desktop/ Partsunion Archiv/Admin-Dashboard/src/components/ui/sheet.tsx:21:21)
    at Provider (file:///Users/xaaronvx/Desktop/%20Partsunion%20Archiv/Admin-Dashboard/node_modules/@radix-ui/react-context/dist/index.mjs:27:15)
    at TooltipProvider (file:///Users/xaaronvx/Desktop/%20Partsunion%20Archiv/Admin-Dashboard/node_modules/@radix-ui/react-tooltip/dist/index.mjs:29:5)
    at TooltipProvider (/Users/xaaronvx/Desktop/ Partsunion Archiv/Admin-Dashboard/src/components/ui/tooltip.tsx:15:28)
    at AdminSidebar (/Users/xaaronvx/Desktop/ Partsunion Archiv/Admin-Dashboard/src/components/layout/AdminSidebar.tsx:140:25)
    at Router (/Users/xaaronvx/Desktop/ Partsunion Archiv/Admin-Dashboard/node_modules/react-router/dist/umd/react-router.development.js:1207:17)
    at MemoryRouter (/Users/xaaronvx/Desktop/ Partsunion Archiv/Admin-Dashboard/node_modules/react-router/dist/umd/react-router.development.js:1101:7)
    at QueryClientProvider (file:///Users/xaaronvx/Desktop/%20Partsunion%20Archiv/Admin-Dashboard/node_modules/@tanstack/react-query/build/modern/QueryClientProvider.js:20:3)
Warning: useLayoutEffect does nothing on the server, because its effect cannot be encoded into the server renderer&apos;s output format. This will lead to a mismatch between the initial, non-hydrated UI and the intended UI. To avoid this, useLayoutEffect should only be used in components that render exclusively on the client. See https://reactjs.org/link/uselayouteffect-ssr for common fixes.
    at Presence (file:///Users/xaaronvx/Desktop/%20Partsunion%20Archiv/Admin-Dashboard/node_modules/@radix-ui/react-presence/dist/index.mjs:19:11)
    at Provider (file:///Users/xaaronvx/Desktop/%20Partsunion%20Archiv/Admin-Dashboard/node_modules/@radix-ui/react-context/dist/index.mjs:27:15)
    at DialogPortal (file:///Users/xaaronvx/Desktop/%20Partsunion%20Archiv/Admin-Dashboard/node_modules/@radix-ui/react-dialog/dist/index.mjs:85:11)
    at SheetPortal (/Users/xaaronvx/Desktop/ Partsunion Archiv/Admin-Dashboard/src/components/ui/sheet.tsx:51:27)
    at SheetContent (/Users/xaaronvx/Desktop/ Partsunion Archiv/Admin-Dashboard/src/components/ui/sheet.tsx:72:25)
    at Provider (file:///Users/xaaronvx/Desktop/%20Partsunion%20Archiv/Admin-Dashboard/node_modules/@radix-ui/react-context/dist/index.mjs:27:15)
    at Dialog (file:///Users/xaaronvx/Desktop/%20Partsunion%20Archiv/Admin-Dashboard/node_modules/@radix-ui/react-dialog/dist/index.mjs:25:5)
    at Sheet (/Users/xaaronvx/Desktop/ Partsunion Archiv/Admin-Dashboard/src/components/ui/sheet.tsx:21:21)
    at Provider (file:///Users/xaaronvx/Desktop/%20Partsunion%20Archiv/Admin-Dashboard/node_modules/@radix-ui/react-context/dist/index.mjs:27:15)
    at TooltipProvider (file:///Users/xaaronvx/Desktop/%20Partsunion%20Archiv/Admin-Dashboard/node_modules/@radix-ui/react-tooltip/dist/index.mjs:29:5)
    at TooltipProvider (/Users/xaaronvx/Desktop/ Partsunion Archiv/Admin-Dashboard/src/components/ui/tooltip.tsx:15:28)
    at AdminSidebar (/Users/xaaronvx/Desktop/ Partsunion Archiv/Admin-Dashboard/src/components/layout/AdminSidebar.tsx:140:25)
    at Router (/Users/xaaronvx/Desktop/ Partsunion Archiv/Admin-Dashboard/node_modules/react-router/dist/umd/react-router.development.js:1207:17)
    at MemoryRouter (/Users/xaaronvx/Desktop/ Partsunion Archiv/Admin-Dashboard/node_modules/react-router/dist/umd/react-router.development.js:1101:7)
    at QueryClientProvider (file:///Users/xaaronvx/Desktop/%20Partsunion%20Archiv/Admin-Dashboard/node_modules/@tanstack/react-query/build/modern/QueryClientProvider.js:20:3)
Warning: useLayoutEffect does nothing on the server, because its effect cannot be encoded into the server renderer&apos;s output format. This will lead to a mismatch between the initial, non-hydrated UI and the intended UI. To avoid this, useLayoutEffect should only be used in components that render exclusively on the client. See https://reactjs.org/link/uselayouteffect-ssr for common fixes.
    at Presence (file:///Users/xaaronvx/Desktop/%20Partsunion%20Archiv/Admin-Dashboard/node_modules/@radix-ui/react-presence/dist/index.mjs:19:11)
    at Provider (file:///Users/xaaronvx/Desktop/%20Partsunion%20Archiv/Admin-Dashboard/node_modules/@radix-ui/react-context/dist/index.mjs:27:15)
    at DialogPortal (file:///Users/xaaronvx/Desktop/%20Partsunion%20Archiv/Admin-Dashboard/node_modules/@radix-ui/react-dialog/dist/index.mjs:85:11)
    at SheetPortal (/Users/xaaronvx/Desktop/ Partsunion Archiv/Admin-Dashboard/src/components/ui/sheet.tsx:51:27)
    at SheetContent (/Users/xaaronvx/Desktop/ Partsunion Archiv/Admin-Dashboard/src/components/ui/sheet.tsx:72:25)
    at Provider (file:///Users/xaaronvx/Desktop/%20Partsunion%20Archiv/Admin-Dashboard/node_modules/@radix-ui/react-context/dist/index.mjs:27:15)
    at Dialog (file:///Users/xaaronvx/Desktop/%20Partsunion%20Archiv/Admin-Dashboard/node_modules/@radix-ui/react-dialog/dist/index.mjs:25:5)
    at Sheet (/Users/xaaronvx/Desktop/ Partsunion Archiv/Admin-Dashboard/src/components/ui/sheet.tsx:21:21)
    at Provider (file:///Users/xaaronvx/Desktop/%20Partsunion%20Archiv/Admin-Dashboard/node_modules/@radix-ui/react-context/dist/index.mjs:27:15)
    at TooltipProvider (file:///Users/xaaronvx/Desktop/%20Partsunion%20Archiv/Admin-Dashboard/node_modules/@radix-ui/react-tooltip/dist/index.mjs:29:5)
    at TooltipProvider (/Users/xaaronvx/Desktop/ Partsunion Archiv/Admin-Dashboard/src/components/ui/tooltip.tsx:15:28)
    at AdminSidebar (/Users/xaaronvx/Desktop/ Partsunion Archiv/Admin-Dashboard/src/components/layout/AdminSidebar.tsx:140:25)
    at Router (/Users/xaaronvx/Desktop/ Partsunion Archiv/Admin-Dashboard/node_modules/react-router/dist/umd/react-router.development.js:1207:17)
    at MemoryRouter (/Users/xaaronvx/Desktop/ Partsunion Archiv/Admin-Dashboard/node_modules/react-router/dist/umd/react-router.development.js:1101:7)
    at QueryClientProvider (file:///Users/xaaronvx/Desktop/%20Partsunion%20Archiv/Admin-Dashboard/node_modules/@tanstack/react-query/build/modern/QueryClientProvider.js:20:3)
Warning: useLayoutEffect does nothing on the server, because its effect cannot be encoded into the server renderer&apos;s output format. This will lead to a mismatch between the initial, non-hydrated UI and the intended UI. To avoid this, useLayoutEffect should only be used in components that render exclusively on the client. See https://reactjs.org/link/uselayouteffect-ssr for common fixes.
    at Presence (file:///Users/xaaronvx/Desktop/%20Partsunion%20Archiv/Admin-Dashboard/node_modules/@radix-ui/react-presence/dist/index.mjs:19:11)
    at Provider (file:///Users/xaaronvx/Desktop/%20Partsunion%20Archiv/Admin-Dashboard/node_modules/@radix-ui/react-context/dist/index.mjs:27:15)
    at DialogPortal (file:///Users/xaaronvx/Desktop/%20Partsunion%20Archiv/Admin-Dashboard/node_modules/@radix-ui/react-dialog/dist/index.mjs:85:11)
    at SheetPortal (/Users/xaaronvx/Desktop/ Partsunion Archiv/Admin-Dashboard/src/components/ui/sheet.tsx:51:27)
    at SheetContent (/Users/xaaronvx/Desktop/ Partsunion Archiv/Admin-Dashboard/src/components/ui/sheet.tsx:72:25)
    at Provider (file:///Users/xaaronvx/Desktop/%20Partsunion%20Archiv/Admin-Dashboard/node_modules/@radix-ui/react-context/dist/index.mjs:27:15)
    at Dialog (file:///Users/xaaronvx/Desktop/%20Partsunion%20Archiv/Admin-Dashboard/node_modules/@radix-ui/react-dialog/dist/index.mjs:25:5)
    at Sheet (/Users/xaaronvx/Desktop/ Partsunion Archiv/Admin-Dashboard/src/components/ui/sheet.tsx:21:21)
    at Provider (file:///Users/xaaronvx/Desktop/%20Partsunion%20Archiv/Admin-Dashboard/node_modules/@radix-ui/react-context/dist/index.mjs:27:15)
    at TooltipProvider (file:///Users/xaaronvx/Desktop/%20Partsunion%20Archiv/Admin-Dashboard/node_modules/@radix-ui/react-tooltip/dist/index.mjs:29:5)
    at TooltipProvider (/Users/xaaronvx/Desktop/ Partsunion Archiv/Admin-Dashboard/src/components/ui/tooltip.tsx:15:28)
    at AdminSidebar (/Users/xaaronvx/Desktop/ Partsunion Archiv/Admin-Dashboard/src/components/layout/AdminSidebar.tsx:140:25)
    at Router (/Users/xaaronvx/Desktop/ Partsunion Archiv/Admin-Dashboard/node_modules/react-router/dist/umd/react-router.development.js:1207:17)
    at MemoryRouter (/Users/xaaronvx/Desktop/ Partsunion Archiv/Admin-Dashboard/node_modules/react-router/dist/umd/react-router.development.js:1101:7)
    at QueryClientProvider (file:///Users/xaaronvx/Desktop/%20Partsunion%20Archiv/Admin-Dashboard/node_modules/@tanstack/react-query/build/modern/QueryClientProvider.js:20:3)
Warning: useLayoutEffect does nothing on the server, because its effect cannot be encoded into the server renderer&apos;s output format. This will lead to a mismatch between the initial, non-hydrated UI and the intended UI. To avoid this, useLayoutEffect should only be used in components that render exclusively on the client. See https://reactjs.org/link/uselayouteffect-ssr for common fixes.
    at Presence (file:///Users/xaaronvx/Desktop/%20Partsunion%20Archiv/Admin-Dashboard/node_modules/@radix-ui/react-presence/dist/index.mjs:19:11)
    at Provider (file:///Users/xaaronvx/Desktop/%20Partsunion%20Archiv/Admin-Dashboard/node_modules/@radix-ui/react-context/dist/index.mjs:27:15)
    at DialogPortal (file:///Users/xaaronvx/Desktop/%20Partsunion%20Archiv/Admin-Dashboard/node_modules/@radix-ui/react-dialog/dist/index.mjs:85:11)
    at SheetPortal (/Users/xaaronvx/Desktop/ Partsunion Archiv/Admin-Dashboard/src/components/ui/sheet.tsx:51:27)
    at SheetContent (/Users/xaaronvx/Desktop/ Partsunion Archiv/Admin-Dashboard/src/components/ui/sheet.tsx:72:25)
    at Provider (file:///Users/xaaronvx/Desktop/%20Partsunion%20Archiv/Admin-Dashboard/node_modules/@radix-ui/react-context/dist/index.mjs:27:15)
    at Dialog (file:///Users/xaaronvx/Desktop/%20Partsunion%20Archiv/Admin-Dashboard/node_modules/@radix-ui/react-dialog/dist/index.mjs:25:5)
    at Sheet (/Users/xaaronvx/Desktop/ Partsunion Archiv/Admin-Dashboard/src/components/ui/sheet.tsx:21:21)
    at Provider (file:///Users/xaaronvx/Desktop/%20Partsunion%20Archiv/Admin-Dashboard/node_modules/@radix-ui/react-context/dist/index.mjs:27:15)
    at TooltipProvider (file:///Users/xaaronvx/Desktop/%20Partsunion%20Archiv/Admin-Dashboard/node_modules/@radix-ui/react-tooltip/dist/index.mjs:29:5)
    at TooltipProvider (/Users/xaaronvx/Desktop/ Partsunion Archiv/Admin-Dashboard/src/components/ui/tooltip.tsx:15:28)
    at AdminSidebar (/Users/xaaronvx/Desktop/ Partsunion Archiv/Admin-Dashboard/src/components/layout/AdminSidebar.tsx:140:25)
    at Router (/Users/xaaronvx/Desktop/ Partsunion Archiv/Admin-Dashboard/node_modules/react-router/dist/umd/react-router.development.js:1207:17)
    at MemoryRouter (/Users/xaaronvx/Desktop/ Partsunion Archiv/Admin-Dashboard/node_modules/react-router/dist/umd/react-router.development.js:1101:7)
    at QueryClientProvider (file:///Users/xaaronvx/Desktop/%20Partsunion%20Archiv/Admin-Dashboard/node_modules/@tanstack/react-query/build/modern/QueryClientProvider.js:20:3)

            </system-err>
        </testcase>
        <testcase classname="src/test/redesignAbbild.test.tsx" name="Bildprobe Redesign &gt; schreibt den ganzen Bildschirm nach dist-probe/" time="0.023397708">
            <system-err>
Warning: useLayoutEffect does nothing on the server, because its effect cannot be encoded into the server renderer&apos;s output format. This will lead to a mismatch between the initial, non-hydrated UI and the intended UI. To avoid this, useLayoutEffect should only be used in components that render exclusively on the client. See https://reactjs.org/link/uselayouteffect-ssr for common fixes.
    at MemoryRouter (/Users/xaaronvx/Desktop/ Partsunion Archiv/Admin-Dashboard/node_modules/react-router/dist/umd/react-router.development.js:1101:7)
    at QueryClientProvider (file:///Users/xaaronvx/Desktop/%20Partsunion%20Archiv/Admin-Dashboard/node_modules/@tanstack/react-query/build/modern/QueryClientProvider.js:20:3)
Warning: useLayoutEffect does nothing on the server, because its effect cannot be encoded into the server renderer&apos;s output format. This will lead to a mismatch between the initial, non-hydrated UI and the intended UI. To avoid this, useLayoutEffect should only be used in components that render exclusively on the client. See https://reactjs.org/link/uselayouteffect-ssr for common fixes.
    at LinkWithRef (/Users/xaaronvx/Desktop/ Partsunion Archiv/Admin-Dashboard/node_modules/react-router-dom/dist/umd/react-router-dom.development.js:814:9)
    at NavLinkWithRef (/Users/xaaronvx/Desktop/ Partsunion Archiv/Admin-Dashboard/node_modules/react-router-dom/dist/umd/react-router-dom.development.js:892:25)
    at SidebarLink (/Users/xaaronvx/Desktop/ Partsunion Archiv/Admin-Dashboard/src/components/layout/AdminSidebar.tsx:364:24)
    at li
    at ul
    at div
    at SidebarSection (/Users/xaaronvx/Desktop/ Partsunion Archiv/Admin-Dashboard/src/components/layout/AdminSidebar.tsx:328:27)
    at nav
    at SidebarNav (/Users/xaaronvx/Desktop/ Partsunion Archiv/Admin-Dashboard/src/components/layout/AdminSidebar.tsx:302:23)
    at aside
    at Provider (file:///Users/xaaronvx/Desktop/%20Partsunion%20Archiv/Admin-Dashboard/node_modules/@radix-ui/react-context/dist/index.mjs:27:15)
    at TooltipProvider (file:///Users/xaaronvx/Desktop/%20Partsunion%20Archiv/Admin-Dashboard/node_modules/@radix-ui/react-tooltip/dist/index.mjs:29:5)
    at TooltipProvider (/Users/xaaronvx/Desktop/ Partsunion Archiv/Admin-Dashboard/src/components/ui/tooltip.tsx:15:28)
    at AdminSidebar (/Users/xaaronvx/Desktop/ Partsunion Archiv/Admin-Dashboard/src/components/layout/AdminSidebar.tsx:140:25)
    at div
    at Router (/Users/xaaronvx/Desktop/ Partsunion Archiv/Admin-Dashboard/node_modules/react-router/dist/umd/react-router.development.js:1207:17)
    at MemoryRouter (/Users/xaaronvx/Desktop/ Partsunion Archiv/Admin-Dashboard/node_modules/react-router/dist/umd/react-router.development.js:1101:7)
    at QueryClientProvider (file:///Users/xaaronvx/Desktop/%20Partsunion%20Archiv/Admin-Dashboard/node_modules/@tanstack/react-query/build/modern/QueryClientProvider.js:20:3)
Warning: useLayoutEffect does nothing on the server, because its effect cannot be encoded into the server renderer&apos;s output format. This will lead to a mismatch between the initial, non-hydrated UI and the intended UI. To avoid this, useLayoutEffect should only be used in components that render exclusively on the client. See https://reactjs.org/link/uselayouteffect-ssr for common fixes.
    at LinkWithRef (/Users/xaaronvx/Desktop/ Partsunion Archiv/Admin-Dashboard/node_modules/react-router-dom/dist/umd/react-router-dom.development.js:814:9)
    at NavLinkWithRef (/Users/xaaronvx/Desktop/ Partsunion Archiv/Admin-Dashboard/node_modules/react-router-dom/dist/umd/react-router-dom.development.js:892:25)
    at SidebarLink (/Users/xaaronvx/Desktop/ Partsunion Archiv/Admin-Dashboard/src/components/layout/AdminSidebar.tsx:364:24)
    at li
    at ul
    at div
    at SidebarSection (/Users/xaaronvx/Desktop/ Partsunion Archiv/Admin-Dashboard/src/components/layout/AdminSidebar.tsx:328:27)
    at nav
    at SidebarNav (/Users/xaaronvx/Desktop/ Partsunion Archiv/Admin-Dashboard/src/components/layout/AdminSidebar.tsx:302:23)
    at aside
    at Provider (file:///Users/xaaronvx/Desktop/%20Partsunion%20Archiv/Admin-Dashboard/node_modules/@radix-ui/react-context/dist/index.mjs:27:15)
    at TooltipProvider (file:///Users/xaaronvx/Desktop/%20Partsunion%20Archiv/Admin-Dashboard/node_modules/@radix-ui/react-tooltip/dist/index.mjs:29:5)
    at TooltipProvider (/Users/xaaronvx/Desktop/ Partsunion Archiv/Admin-Dashboard/src/components/ui/tooltip.tsx:15:28)
    at AdminSidebar (/Users/xaaronvx/Desktop/ Partsunion Archiv/Admin-Dashboard/src/components/layout/AdminSidebar.tsx:140:25)
    at div
    at Router (/Users/xaaronvx/Desktop/ Partsunion Archiv/Admin-Dashboard/node_modules/react-router/dist/umd/react-router.development.js:1207:17)
    at MemoryRouter (/Users/xaaronvx/Desktop/ Partsunion Archiv/Admin-Dashboard/node_modules/react-router/dist/umd/react-router.development.js:1101:7)
    at QueryClientProvider (file:///Users/xaaronvx/Desktop/%20Partsunion%20Archiv/Admin-Dashboard/node_modules/@tanstack/react-query/build/modern/QueryClientProvider.js:20:3)
Warning: useLayoutEffect does nothing on the server, because its effect cannot be encoded into the server renderer&apos;s output format. This will lead to a mismatch between the initial, non-hydrated UI and the intended UI. To avoid this, useLayoutEffect should only be used in components that render exclusively on the client. See https://reactjs.org/link/uselayouteffect-ssr for common fixes.
    at LinkWithRef (/Users/xaaronvx/Desktop/ Partsunion Archiv/Admin-Dashboard/node_modules/react-router-dom/dist/umd/react-router-dom.development.js:814:9)
    at NavLinkWithRef (/Users/xaaronvx/Desktop/ Partsunion Archiv/Admin-Dashboard/node_modules/react-router-dom/dist/umd/react-router-dom.development.js:892:25)
    at SidebarLink (/Users/xaaronvx/Desktop/ Partsunion Archiv/Admin-Dashboard/src/components/layout/AdminSidebar.tsx:364:24)
    at li
    at ul
    at div
    at SidebarSection (/Users/xaaronvx/Desktop/ Partsunion Archiv/Admin-Dashboard/src/components/layout/AdminSidebar.tsx:328:27)
    at nav
    at SidebarNav (/Users/xaaronvx/Desktop/ Partsunion Archiv/Admin-Dashboard/src/components/layout/AdminSidebar.tsx:302:23)
    at aside
    at Provider (file:///Users/xaaronvx/Desktop/%20Partsunion%20Archiv/Admin-Dashboard/node_modules/@radix-ui/react-context/dist/index.mjs:27:15)
    at TooltipProvider (file:///Users/xaaronvx/Desktop/%20Partsunion%20Archiv/Admin-Dashboard/node_modules/@radix-ui/react-tooltip/dist/index.mjs:29:5)
    at TooltipProvider (/Users/xaaronvx/Desktop/ Partsunion Archiv/Admin-Dashboard/src/components/ui/tooltip.tsx:15:28)
    at AdminSidebar (/Users/xaaronvx/Desktop/ Partsunion Archiv/Admin-Dashboard/src/components/layout/AdminSidebar.tsx:140:25)
    at div
    at Router (/Users/xaaronvx/Desktop/ Partsunion Archiv/Admin-Dashboard/node_modules/react-router/dist/umd/react-router.development.js:1207:17)
    at MemoryRouter (/Users/xaaronvx/Desktop/ Partsunion Archiv/Admin-Dashboard/node_modules/react-router/dist/umd/react-router.development.js:1101:7)
    at QueryClientProvider (file:///Users/xaaronvx/Desktop/%20Partsunion%20Archiv/Admin-Dashboard/node_modules/@tanstack/react-query/build/modern/QueryClientProvider.js:20:3)
Warning: useLayoutEffect does nothing on the server, because its effect cannot be encoded into the server renderer&apos;s output format. This will lead to a mismatch between the initial, non-hydrated UI and the intended UI. To avoid this, useLayoutEffect should only be used in components that render exclusively on the client. See https://reactjs.org/link/uselayouteffect-ssr for common fixes.
    at LinkWithRef (/Users/xaaronvx/Desktop/ Partsunion Archiv/Admin-Dashboard/node_modules/react-router-dom/dist/umd/react-router-dom.development.js:814:9)
    at NavLinkWithRef (/Users/xaaronvx/Desktop/ Partsunion Archiv/Admin-Dashboard/node_modules/react-router-dom/dist/umd/react-router-dom.development.js:892:25)
    at SidebarLink (/Users/xaaronvx/Desktop/ Partsunion Archiv/Admin-Dashboard/src/components/layout/AdminSidebar.tsx:364:24)
    at li
    at ul
    at div
    at SidebarSection (/Users/xaaronvx/Desktop/ Partsunion Archiv/Admin-Dashboard/src/components/layout/AdminSidebar.tsx:328:27)
    at nav
    at SidebarNav (/Users/xaaronvx/Desktop/ Partsunion Archiv/Admin-Dashboard/src/components/layout/AdminSidebar.tsx:302:23)
    at aside
    at Provider (file:///Users/xaaronvx/Desktop/%20Partsunion%20Archiv/Admin-Dashboard/node_modules/@radix-ui/react-context/dist/index.mjs:27:15)
    at TooltipProvider (file:///Users/xaaronvx/Desktop/%20Partsunion%20Archiv/Admin-Dashboard/node_modules/@radix-ui/react-tooltip/dist/index.mjs:29:5)
    at TooltipProvider (/Users/xaaronvx/Desktop/ Partsunion Archiv/Admin-Dashboard/src/components/ui/tooltip.tsx:15:28)
    at AdminSidebar (/Users/xaaronvx/Desktop/ Partsunion Archiv/Admin-Dashboard/src/components/layout/AdminSidebar.tsx:140:25)
    at div
    at Router (/Users/xaaronvx/Desktop/ Partsunion Archiv/Admin-Dashboard/node_modules/react-router/dist/umd/react-router.development.js:1207:17)
    at MemoryRouter (/Users/xaaronvx/Desktop/ Partsunion Archiv/Admin-Dashboard/node_modules/react-router/dist/umd/react-router.development.js:1101:7)
    at QueryClientProvider (file:///Users/xaaronvx/Desktop/%20Partsunion%20Archiv/Admin-Dashboard/node_modules/@tanstack/react-query/build/modern/QueryClientProvider.js:20:3)
Warning: useLayoutEffect does nothing on the server, because its effect cannot be encoded into the server renderer&apos;s output format. This will lead to a mismatch between the initial, non-hydrated UI and the intended UI. To avoid this, useLayoutEffect should only be used in components that render exclusively on the client. See https://reactjs.org/link/uselayouteffect-ssr for common fixes.
    at LinkWithRef (/Users/xaaronvx/Desktop/ Partsunion Archiv/Admin-Dashboard/node_modules/react-router-dom/dist/umd/react-router-dom.development.js:814:9)
    at NavLinkWithRef (/Users/xaaronvx/Desktop/ Partsunion Archiv/Admin-Dashboard/node_modules/react-router-dom/dist/umd/react-router-dom.development.js:892:25)
    at SidebarLink (/Users/xaaronvx/Desktop/ Partsunion Archiv/Admin-Dashboard/src/components/layout/AdminSidebar.tsx:364:24)
    at li
    at ul
    at div
    at SidebarSection (/Users/xaaronvx/Desktop/ Partsunion Archiv/Admin-Dashboard/src/components/layout/AdminSidebar.tsx:328:27)
    at nav
    at SidebarNav (/Users/xaaronvx/Desktop/ Partsunion Archiv/Admin-Dashboard/src/components/layout/AdminSidebar.tsx:302:23)
    at aside
    at Provider (file:///Users/xaaronvx/Desktop/%20Partsunion%20Archiv/Admin-Dashboard/node_modules/@radix-ui/react-context/dist/index.mjs:27:15)
    at TooltipProvider (file:///Users/xaaronvx/Desktop/%20Partsunion%20Archiv/Admin-Dashboard/node_modules/@radix-ui/react-tooltip/dist/index.mjs:29:5)
    at TooltipProvider (/Users/xaaronvx/Desktop/ Partsunion Archiv/Admin-Dashboard/src/components/ui/tooltip.tsx:15:28)
    at AdminSidebar (/Users/xaaronvx/Desktop/ Partsunion Archiv/Admin-Dashboard/src/components/layout/AdminSidebar.tsx:140:25)
    at div
    at Router (/Users/xaaronvx/Desktop/ Partsunion Archiv/Admin-Dashboard/node_modules/react-router/dist/umd/react-router.development.js:1207:17)
    at MemoryRouter (/Users/xaaronvx/Desktop/ Partsunion Archiv/Admin-Dashboard/node_modules/react-router/dist/umd/react-router.development.js:1101:7)
    at QueryClientProvider (file:///Users/xaaronvx/Desktop/%20Partsunion%20Archiv/Admin-Dashboard/node_modules/@tanstack/react-query/build/modern/QueryClientProvider.js:20:3)
Warning: useLayoutEffect does nothing on the server, because its effect cannot be encoded into the server renderer&apos;s output format. This will lead to a mismatch between the initial, non-hydrated UI and the intended UI. To avoid this, useLayoutEffect should only be used in components that render exclusively on the client. See https://reactjs.org/link/uselayouteffect-ssr for common fixes.
    at LinkWithRef (/Users/xaaronvx/Desktop/ Partsunion Archiv/Admin-Dashboard/node_modules/react-router-dom/dist/umd/react-router-dom.development.js:814:9)
    at NavLinkWithRef (/Users/xaaronvx/Desktop/ Partsunion Archiv/Admin-Dashboard/node_modules/react-router-dom/dist/umd/react-router-dom.development.js:892:25)
    at SidebarLink (/Users/xaaronvx/Desktop/ Partsunion Archiv/Admin-Dashboard/src/components/layout/AdminSidebar.tsx:364:24)
    at li
    at ul
    at div
    at SidebarSection (/Users/xaaronvx/Desktop/ Partsunion Archiv/Admin-Dashboard/src/components/layout/AdminSidebar.tsx:328:27)
    at nav
    at SidebarNav (/Users/xaaronvx/Desktop/ Partsunion Archiv/Admin-Dashboard/src/components/layout/AdminSidebar.tsx:302:23)
    at aside
    at Provider (file:///Users/xaaronvx/Desktop/%20Partsunion%20Archiv/Admin-Dashboard/node_modules/@radix-ui/react-context/dist/index.mjs:27:15)
    at TooltipProvider (file:///Users/xaaronvx/Desktop/%20Partsunion%20Archiv/Admin-Dashboard/node_modules/@radix-ui/react-tooltip/dist/index.mjs:29:5)
    at TooltipProvider (/Users/xaaronvx/Desktop/ Partsunion Archiv/Admin-Dashboard/src/components/ui/tooltip.tsx:15:28)
    at AdminSidebar (/Users/xaaronvx/Desktop/ Partsunion Archiv/Admin-Dashboard/src/components/layout/AdminSidebar.tsx:140:25)
    at div
    at Router (/Users/xaaronvx/Desktop/ Partsunion Archiv/Admin-Dashboard/node_modules/react-router/dist/umd/react-router.development.js:1207:17)
    at MemoryRouter (/Users/xaaronvx/Desktop/ Partsunion Archiv/Admin-Dashboard/node_modules/react-router/dist/umd/react-router.development.js:1101:7)
    at QueryClientProvider (file:///Users/xaaronvx/Desktop/%20Partsunion%20Archiv/Admin-Dashboard/node_modules/@tanstack/react-query/build/modern/QueryClientProvider.js:20:3)
Warning: useLayoutEffect does nothing on the server, because its effect cannot be encoded into the server renderer&apos;s output format. This will lead to a mismatch between the initial, non-hydrated UI and the intended UI. To avoid this, useLayoutEffect should only be used in components that render exclusively on the client. See https://reactjs.org/link/uselayouteffect-ssr for common fixes.
    at LinkWithRef (/Users/xaaronvx/Desktop/ Partsunion Archiv/Admin-Dashboard/node_modules/react-router-dom/dist/umd/react-router-dom.development.js:814:9)
    at NavLinkWithRef (/Users/xaaronvx/Desktop/ Partsunion Archiv/Admin-Dashboard/node_modules/react-router-dom/dist/umd/react-router-dom.development.js:892:25)
    at SidebarLink (/Users/xaaronvx/Desktop/ Partsunion Archiv/Admin-Dashboard/src/components/layout/AdminSidebar.tsx:364:24)
    at li
    at ul
    at div
    at SidebarSection (/Users/xaaronvx/Desktop/ Partsunion Archiv/Admin-Dashboard/src/components/layout/AdminSidebar.tsx:328:27)
    at nav
    at SidebarNav (/Users/xaaronvx/Desktop/ Partsunion Archiv/Admin-Dashboard/src/components/layout/AdminSidebar.tsx:302:23)
    at aside
    at Provider (file:///Users/xaaronvx/Desktop/%20Partsunion%20Archiv/Admin-Dashboard/node_modules/@radix-ui/react-context/dist/index.mjs:27:15)
    at TooltipProvider (file:///Users/xaaronvx/Desktop/%20Partsunion%20Archiv/Admin-Dashboard/node_modules/@radix-ui/react-tooltip/dist/index.mjs:29:5)
    at TooltipProvider (/Users/xaaronvx/Desktop/ Partsunion Archiv/Admin-Dashboard/src/components/ui/tooltip.tsx:15:28)
    at AdminSidebar (/Users/xaaronvx/Desktop/ Partsunion Archiv/Admin-Dashboard/src/components/layout/AdminSidebar.tsx:140:25)
    at div
    at Router (/Users/xaaronvx/Desktop/ Partsunion Archiv/Admin-Dashboard/node_modules/react-router/dist/umd/react-router.development.js:1207:17)
    at MemoryRouter (/Users/xaaronvx/Desktop/ Partsunion Archiv/Admin-Dashboard/node_modules/react-router/dist/umd/react-router.development.js:1101:7)
    at QueryClientProvider (file:///Users/xaaronvx/Desktop/%20Partsunion%20Archiv/Admin-Dashboard/node_modules/@tanstack/react-query/build/modern/QueryClientProvider.js:20:3)
Warning: useLayoutEffect does nothing on the server, because its effect cannot be encoded into the server renderer&apos;s output format. This will lead to a mismatch between the initial, non-hydrated UI and the intended UI. To avoid this, useLayoutEffect should only be used in components that render exclusively on the client. See https://reactjs.org/link/uselayouteffect-ssr for common fixes.
    at LinkWithRef (/Users/xaaronvx/Desktop/ Partsunion Archiv/Admin-Dashboard/node_modules/react-router-dom/dist/umd/react-router-dom.development.js:814:9)
    at NavLinkWithRef (/Users/xaaronvx/Desktop/ Partsunion Archiv/Admin-Dashboard/node_modules/react-router-dom/dist/umd/react-router-dom.development.js:892:25)
    at SidebarLink (/Users/xaaronvx/Desktop/ Partsunion Archiv/Admin-Dashboard/src/components/layout/AdminSidebar.tsx:364:24)
    at li
    at ul
    at div
    at SidebarSection (/Users/xaaronvx/Desktop/ Partsunion Archiv/Admin-Dashboard/src/components/layout/AdminSidebar.tsx:328:27)
    at nav
    at SidebarNav (/Users/xaaronvx/Desktop/ Partsunion Archiv/Admin-Dashboard/src/components/layout/AdminSidebar.tsx:302:23)
    at aside
    at Provider (file:///Users/xaaronvx/Desktop/%20Partsunion%20Archiv/Admin-Dashboard/node_modules/@radix-ui/react-context/dist/index.mjs:27:15)
    at TooltipProvider (file:///Users/xaaronvx/Desktop/%20Partsunion%20Archiv/Admin-Dashboard/node_modules/@radix-ui/react-tooltip/dist/index.mjs:29:5)
    at TooltipProvider (/Users/xaaronvx/Desktop/ Partsunion Archiv/Admin-Dashboard/src/components/ui/tooltip.tsx:15:28)
    at AdminSidebar (/Users/xaaronvx/Desktop/ Partsunion Archiv/Admin-Dashboard/src/components/layout/AdminSidebar.tsx:140:25)
    at div
    at Router (/Users/xaaronvx/Desktop/ Partsunion Archiv/Admin-Dashboard/node_modules/react-router/dist/umd/react-router.development.js:1207:17)
    at MemoryRouter (/Users/xaaronvx/Desktop/ Partsunion Archiv/Admin-Dashboard/node_modules/react-router/dist/umd/react-router.development.js:1101:7)
    at QueryClientProvider (file:///Users/xaaronvx/Desktop/%20Partsunion%20Archiv/Admin-Dashboard/node_modules/@tanstack/react-query/build/modern/QueryClientProvider.js:20:3)
Warning: useLayoutEffect does nothing on the server, because its effect cannot be encoded into the server renderer&apos;s output format. This will lead to a mismatch between the initial, non-hydrated UI and the intended UI. To avoid this, useLayoutEffect should only be used in components that render exclusively on the client. See https://reactjs.org/link/uselayouteffect-ssr for common fixes.
    at LinkWithRef (/Users/xaaronvx/Desktop/ Partsunion Archiv/Admin-Dashboard/node_modules/react-router-dom/dist/umd/react-router-dom.development.js:814:9)
    at NavLinkWithRef (/Users/xaaronvx/Desktop/ Partsunion Archiv/Admin-Dashboard/node_modules/react-router-dom/dist/umd/react-router-dom.development.js:892:25)
    at SidebarLink (/Users/xaaronvx/Desktop/ Partsunion Archiv/Admin-Dashboard/src/components/layout/AdminSidebar.tsx:364:24)
    at li
    at ul
    at div
    at SidebarSection (/Users/xaaronvx/Desktop/ Partsunion Archiv/Admin-Dashboard/src/components/layout/AdminSidebar.tsx:328:27)
    at nav
    at SidebarNav (/Users/xaaronvx/Desktop/ Partsunion Archiv/Admin-Dashboard/src/components/layout/AdminSidebar.tsx:302:23)
    at aside
    at Provider (file:///Users/xaaronvx/Desktop/%20Partsunion%20Archiv/Admin-Dashboard/node_modules/@radix-ui/react-context/dist/index.mjs:27:15)
    at TooltipProvider (file:///Users/xaaronvx/Desktop/%20Partsunion%20Archiv/Admin-Dashboard/node_modules/@radix-ui/react-tooltip/dist/index.mjs:29:5)
    at TooltipProvider (/Users/xaaronvx/Desktop/ Partsunion Archiv/Admin-Dashboard/src/components/ui/tooltip.tsx:15:28)
    at AdminSidebar (/Users/xaaronvx/Desktop/ Partsunion Archiv/Admin-Dashboard/src/components/layout/AdminSidebar.tsx:140:25)
    at div
    at Router (/Users/xaaronvx/Desktop/ Partsunion Archiv/Admin-Dashboard/node_modules/react-router/dist/umd/react-router.development.js:1207:17)
    at MemoryRouter (/Users/xaaronvx/Desktop/ Partsunion Archiv/Admin-Dashboard/node_modules/react-router/dist/umd/react-router.development.js:1101:7)
    at QueryClientProvider (file:///Users/xaaronvx/Desktop/%20Partsunion%20Archiv/Admin-Dashboard/node_modules/@tanstack/react-query/build/modern/QueryClientProvider.js:20:3)
Warning: useLayoutEffect does nothing on the server, because its effect cannot be encoded into the server renderer&apos;s output format. This will lead to a mismatch between the initial, non-hydrated UI and the intended UI. To avoid this, useLayoutEffect should only be used in components that render exclusively on the client. See https://reactjs.org/link/uselayouteffect-ssr for common fixes.
    at LinkWithRef (/Users/xaaronvx/Desktop/ Partsunion Archiv/Admin-Dashboard/node_modules/react-router-dom/dist/umd/react-router-dom.development.js:814:9)
    at NavLinkWithRef (/Users/xaaronvx/Desktop/ Partsunion Archiv/Admin-Dashboard/node_modules/react-router-dom/dist/umd/react-router-dom.development.js:892:25)
    at SidebarLink (/Users/xaaronvx/Desktop/ Partsunion Archiv/Admin-Dashboard/src/components/layout/AdminSidebar.tsx:364:24)
    at li
    at ul
    at div
    at SidebarSection (/Users/xaaronvx/Desktop/ Partsunion Archiv/Admin-Dashboard/src/components/layout/AdminSidebar.tsx:328:27)
    at nav
    at SidebarNav (/Users/xaaronvx/Desktop/ Partsunion Archiv/Admin-Dashboard/src/components/layout/AdminSidebar.tsx:302:23)
    at aside
    at Provider (file:///Users/xaaronvx/Desktop/%20Partsunion%20Archiv/Admin-Dashboard/node_modules/@radix-ui/react-context/dist/index.mjs:27:15)
    at TooltipProvider (file:///Users/xaaronvx/Desktop/%20Partsunion%20Archiv/Admin-Dashboard/node_modules/@radix-ui/react-tooltip/dist/index.mjs:29:5)
    at TooltipProvider (/Users/xaaronvx/Desktop/ Partsunion Archiv/Admin-Dashboard/src/components/ui/tooltip.tsx:15:28)
    at AdminSidebar (/Users/xaaronvx/Desktop/ Partsunion Archiv/Admin-Dashboard/src/components/layout/AdminSidebar.tsx:140:25)
    at div
    at Router (/Users/xaaronvx/Desktop/ Partsunion Archiv/Admin-Dashboard/node_modules/react-router/dist/umd/react-router.development.js:1207:17)
    at MemoryRouter (/Users/xaaronvx/Desktop/ Partsunion Archiv/Admin-Dashboard/node_modules/react-router/dist/umd/react-router.development.js:1101:7)
    at QueryClientProvider (file:///Users/xaaronvx/Desktop/%20Partsunion%20Archiv/Admin-Dashboard/node_modules/@tanstack/react-query/build/modern/QueryClientProvider.js:20:3)
Warning: useLayoutEffect does nothing on the server, because its effect cannot be encoded into the server renderer&apos;s output format. This will lead to a mismatch between the initial, non-hydrated UI and the intended UI. To avoid this, useLayoutEffect should only be used in components that render exclusively on the client. See https://reactjs.org/link/uselayouteffect-ssr for common fixes.
    at LinkWithRef (/Users/xaaronvx/Desktop/ Partsunion Archiv/Admin-Dashboard/node_modules/react-router-dom/dist/umd/react-router-dom.development.js:814:9)
    at NavLinkWithRef (/Users/xaaronvx/Desktop/ Partsunion Archiv/Admin-Dashboard/node_modules/react-router-dom/dist/umd/react-router-dom.development.js:892:25)
    at SidebarLink (/Users/xaaronvx/Desktop/ Partsunion Archiv/Admin-Dashboard/src/components/layout/AdminSidebar.tsx:364:24)
    at li
    at ul
    at div
    at SidebarSection (/Users/xaaronvx/Desktop/ Partsunion Archiv/Admin-Dashboard/src/components/layout/AdminSidebar.tsx:328:27)
    at nav
    at SidebarNav (/Users/xaaronvx/Desktop/ Partsunion Archiv/Admin-Dashboard/src/components/layout/AdminSidebar.tsx:302:23)
    at aside
    at Provider (file:///Users/xaaronvx/Desktop/%20Partsunion%20Archiv/Admin-Dashboard/node_modules/@radix-ui/react-context/dist/index.mjs:27:15)
    at TooltipProvider (file:///Users/xaaronvx/Desktop/%20Partsunion%20Archiv/Admin-Dashboard/node_modules/@radix-ui/react-tooltip/dist/index.mjs:29:5)
    at TooltipProvider (/Users/xaaronvx/Desktop/ Partsunion Archiv/Admin-Dashboard/src/components/ui/tooltip.tsx:15:28)
    at AdminSidebar (/Users/xaaronvx/Desktop/ Partsunion Archiv/Admin-Dashboard/src/components/layout/AdminSidebar.tsx:140:25)
    at div
    at Router (/Users/xaaronvx/Desktop/ Partsunion Archiv/Admin-Dashboard/node_modules/react-router/dist/umd/react-router.development.js:1207:17)
    at MemoryRouter (/Users/xaaronvx/Desktop/ Partsunion Archiv/Admin-Dashboard/node_modules/react-router/dist/umd/react-router.development.js:1101:7)
    at QueryClientProvider (file:///Users/xaaronvx/Desktop/%20Partsunion%20Archiv/Admin-Dashboard/node_modules/@tanstack/react-query/build/modern/QueryClientProvider.js:20:3)
Warning: useLayoutEffect does nothing on the server, because its effect cannot be encoded into the server renderer&apos;s output format. This will lead to a mismatch between the initial, non-hydrated UI and the intended UI. To avoid this, useLayoutEffect should only be used in components that render exclusively on the client. See https://reactjs.org/link/uselayouteffect-ssr for common fixes.
    at Dialog (file:///Users/xaaronvx/Desktop/%20Partsunion%20Archiv/Admin-Dashboard/node_modules/@radix-ui/react-dialog/dist/index.mjs:25:5)
    at Sheet (/Users/xaaronvx/Desktop/ Partsunion Archiv/Admin-Dashboard/src/components/ui/sheet.tsx:21:21)
    at Provider (file:///Users/xaaronvx/Desktop/%20Partsunion%20Archiv/Admin-Dashboard/node_modules/@radix-ui/react-context/dist/index.mjs:27:15)
    at TooltipProvider (file:///Users/xaaronvx/Desktop/%20Partsunion%20Archiv/Admin-Dashboard/node_modules/@radix-ui/react-tooltip/dist/index.mjs:29:5)
    at TooltipProvider (/Users/xaaronvx/Desktop/ Partsunion Archiv/Admin-Dashboard/src/components/ui/tooltip.tsx:15:28)
    at AdminSidebar (/Users/xaaronvx/Desktop/ Partsunion Archiv/Admin-Dashboard/src/components/layout/AdminSidebar.tsx:140:25)
    at div
    at Router (/Users/xaaronvx/Desktop/ Partsunion Archiv/Admin-Dashboard/node_modules/react-router/dist/umd/react-router.development.js:1207:17)
    at MemoryRouter (/Users/xaaronvx/Desktop/ Partsunion Archiv/Admin-Dashboard/node_modules/react-router/dist/umd/react-router.development.js:1101:7)
    at QueryClientProvider (file:///Users/xaaronvx/Desktop/%20Partsunion%20Archiv/Admin-Dashboard/node_modules/@tanstack/react-query/build/modern/QueryClientProvider.js:20:3)
Warning: useLayoutEffect does nothing on the server, because its effect cannot be encoded into the server renderer&apos;s output format. This will lead to a mismatch between the initial, non-hydrated UI and the intended UI. To avoid this, useLayoutEffect should only be used in components that render exclusively on the client. See https://reactjs.org/link/uselayouteffect-ssr for common fixes.
    at Dialog (file:///Users/xaaronvx/Desktop/%20Partsunion%20Archiv/Admin-Dashboard/node_modules/@radix-ui/react-dialog/dist/index.mjs:25:5)
    at Sheet (/Users/xaaronvx/Desktop/ Partsunion Archiv/Admin-Dashboard/src/components/ui/sheet.tsx:21:21)
    at Provider (file:///Users/xaaronvx/Desktop/%20Partsunion%20Archiv/Admin-Dashboard/node_modules/@radix-ui/react-context/dist/index.mjs:27:15)
    at TooltipProvider (file:///Users/xaaronvx/Desktop/%20Partsunion%20Archiv/Admin-Dashboard/node_modules/@radix-ui/react-tooltip/dist/index.mjs:29:5)
    at TooltipProvider (/Users/xaaronvx/Desktop/ Partsunion Archiv/Admin-Dashboard/src/components/ui/tooltip.tsx:15:28)
    at AdminSidebar (/Users/xaaronvx/Desktop/ Partsunion Archiv/Admin-Dashboard/src/components/layout/AdminSidebar.tsx:140:25)
    at div
    at Router (/Users/xaaronvx/Desktop/ Partsunion Archiv/Admin-Dashboard/node_modules/react-router/dist/umd/react-router.development.js:1207:17)
    at MemoryRouter (/Users/xaaronvx/Desktop/ Partsunion Archiv/Admin-Dashboard/node_modules/react-router/dist/umd/react-router.development.js:1101:7)
    at QueryClientProvider (file:///Users/xaaronvx/Desktop/%20Partsunion%20Archiv/Admin-Dashboard/node_modules/@tanstack/react-query/build/modern/QueryClientProvider.js:20:3)
Warning: useLayoutEffect does nothing on the server, because its effect cannot be encoded into the server renderer&apos;s output format. This will lead to a mismatch between the initial, non-hydrated UI and the intended UI. To avoid this, useLayoutEffect should only be used in components that render exclusively on the client. See https://reactjs.org/link/uselayouteffect-ssr for common fixes.
    at Dialog (file:///Users/xaaronvx/Desktop/%20Partsunion%20Archiv/Admin-Dashboard/node_modules/@radix-ui/react-dialog/dist/index.mjs:25:5)
    at Sheet (/Users/xaaronvx/Desktop/ Partsunion Archiv/Admin-Dashboard/src/components/ui/sheet.tsx:21:21)
    at Provider (file:///Users/xaaronvx/Desktop/%20Partsunion%20Archiv/Admin-Dashboard/node_modules/@radix-ui/react-context/dist/index.mjs:27:15)
    at TooltipProvider (file:///Users/xaaronvx/Desktop/%20Partsunion%20Archiv/Admin-Dashboard/node_modules/@radix-ui/react-tooltip/dist/index.mjs:29:5)
    at TooltipProvider (/Users/xaaronvx/Desktop/ Partsunion Archiv/Admin-Dashboard/src/components/ui/tooltip.tsx:15:28)
    at AdminSidebar (/Users/xaaronvx/Desktop/ Partsunion Archiv/Admin-Dashboard/src/components/layout/AdminSidebar.tsx:140:25)
    at div
    at Router (/Users/xaaronvx/Desktop/ Partsunion Archiv/Admin-Dashboard/node_modules/react-router/dist/umd/react-router.development.js:1207:17)
    at MemoryRouter (/Users/xaaronvx/Desktop/ Partsunion Archiv/Admin-Dashboard/node_modules/react-router/dist/umd/react-router.development.js:1101:7)
    at QueryClientProvider (file:///Users/xaaronvx/Desktop/%20Partsunion%20Archiv/Admin-Dashboard/node_modules/@tanstack/react-query/build/modern/QueryClientProvider.js:20:3)
Warning: useLayoutEffect does nothing on the server, because its effect cannot be encoded into the server renderer&apos;s output format. This will lead to a mismatch between the initial, non-hydrated UI and the intended UI. To avoid this, useLayoutEffect should only be used in components that render exclusively on the client. See https://reactjs.org/link/uselayouteffect-ssr for common fixes.
    at Presence (file:///Users/xaaronvx/Desktop/%20Partsunion%20Archiv/Admin-Dashboard/node_modules/@radix-ui/react-presence/dist/index.mjs:19:11)
    at Provider (file:///Users/xaaronvx/Desktop/%20Partsunion%20Archiv/Admin-Dashboard/node_modules/@radix-ui/react-context/dist/index.mjs:27:15)
    at DialogPortal (file:///Users/xaaronvx/Desktop/%20Partsunion%20Archiv/Admin-Dashboard/node_modules/@radix-ui/react-dialog/dist/index.mjs:85:11)
    at SheetPortal (/Users/xaaronvx/Desktop/ Partsunion Archiv/Admin-Dashboard/src/components/ui/sheet.tsx:51:27)
    at SheetContent (/Users/xaaronvx/Desktop/ Partsunion Archiv/Admin-Dashboard/src/components/ui/sheet.tsx:72:25)
    at Provider (file:///Users/xaaronvx/Desktop/%20Partsunion%20Archiv/Admin-Dashboard/node_modules/@radix-ui/react-context/dist/index.mjs:27:15)
    at Dialog (file:///Users/xaaronvx/Desktop/%20Partsunion%20Archiv/Admin-Dashboard/node_modules/@radix-ui/react-dialog/dist/index.mjs:25:5)
    at Sheet (/Users/xaaronvx/Desktop/ Partsunion Archiv/Admin-Dashboard/src/components/ui/sheet.tsx:21:21)
    at Provider (file:///Users/xaaronvx/Desktop/%20Partsunion%20Archiv/Admin-Dashboard/node_modules/@radix-ui/react-context/dist/index.mjs:27:15)
    at TooltipProvider (file:///Users/xaaronvx/Desktop/%20Partsunion%20Archiv/Admin-Dashboard/node_modules/@radix-ui/react-tooltip/dist/index.mjs:29:5)
    at TooltipProvider (/Users/xaaronvx/Desktop/ Partsunion Archiv/Admin-Dashboard/src/components/ui/tooltip.tsx:15:28)
    at AdminSidebar (/Users/xaaronvx/Desktop/ Partsunion Archiv/Admin-Dashboard/src/components/layout/AdminSidebar.tsx:140:25)
    at div
    at Router (/Users/xaaronvx/Desktop/ Partsunion Archiv/Admin-Dashboard/node_modules/react-router/dist/umd/react-router.development.js:1207:17)
    at MemoryRouter (/Users/xaaronvx/Desktop/ Partsunion Archiv/Admin-Dashboard/node_modules/react-router/dist/umd/react-router.development.js:1101:7)
    at QueryClientProvider (file:///Users/xaaronvx/Desktop/%20Partsunion%20Archiv/Admin-Dashboard/node_modules/@tanstack/react-query/build/modern/QueryClientProvider.js:20:3)
Warning: useLayoutEffect does nothing on the server, because its effect cannot be encoded into the server renderer&apos;s output format. This will lead to a mismatch between the initial, non-hydrated UI and the intended UI. To avoid this, useLayoutEffect should only be used in components that render exclusively on the client. See https://reactjs.org/link/uselayouteffect-ssr for common fixes.
    at Presence (file:///Users/xaaronvx/Desktop/%20Partsunion%20Archiv/Admin-Dashboard/node_modules/@radix-ui/react-presence/dist/index.mjs:19:11)
    at Provider (file:///Users/xaaronvx/Desktop/%20Partsunion%20Archiv/Admin-Dashboard/node_modules/@radix-ui/react-context/dist/index.mjs:27:15)
    at DialogPortal (file:///Users/xaaronvx/Desktop/%20Partsunion%20Archiv/Admin-Dashboard/node_modules/@radix-ui/react-dialog/dist/index.mjs:85:11)
    at SheetPortal (/Users/xaaronvx/Desktop/ Partsunion Archiv/Admin-Dashboard/src/components/ui/sheet.tsx:51:27)
    at SheetContent (/Users/xaaronvx/Desktop/ Partsunion Archiv/Admin-Dashboard/src/components/ui/sheet.tsx:72:25)
    at Provider (file:///Users/xaaronvx/Desktop/%20Partsunion%20Archiv/Admin-Dashboard/node_modules/@radix-ui/react-context/dist/index.mjs:27:15)
    at Dialog (file:///Users/xaaronvx/Desktop/%20Partsunion%20Archiv/Admin-Dashboard/node_modules/@radix-ui/react-dialog/dist/index.mjs:25:5)
    at Sheet (/Users/xaaronvx/Desktop/ Partsunion Archiv/Admin-Dashboard/src/components/ui/sheet.tsx:21:21)
    at Provider (file:///Users/xaaronvx/Desktop/%20Partsunion%20Archiv/Admin-Dashboard/node_modules/@radix-ui/react-context/dist/index.mjs:27:15)
    at TooltipProvider (file:///Users/xaaronvx/Desktop/%20Partsunion%20Archiv/Admin-Dashboard/node_modules/@radix-ui/react-tooltip/dist/index.mjs:29:5)
    at TooltipProvider (/Users/xaaronvx/Desktop/ Partsunion Archiv/Admin-Dashboard/src/components/ui/tooltip.tsx:15:28)
    at AdminSidebar (/Users/xaaronvx/Desktop/ Partsunion Archiv/Admin-Dashboard/src/components/layout/AdminSidebar.tsx:140:25)
    at div
    at Router (/Users/xaaronvx/Desktop/ Partsunion Archiv/Admin-Dashboard/node_modules/react-router/dist/umd/react-router.development.js:1207:17)
    at MemoryRouter (/Users/xaaronvx/Desktop/ Partsunion Archiv/Admin-Dashboard/node_modules/react-router/dist/umd/react-router.development.js:1101:7)
    at QueryClientProvider (file:///Users/xaaronvx/Desktop/%20Partsunion%20Archiv/Admin-Dashboard/node_modules/@tanstack/react-query/build/modern/QueryClientProvider.js:20:3)
Warning: useLayoutEffect does nothing on the server, because its effect cannot be encoded into the server renderer&apos;s output format. This will lead to a mismatch between the initial, non-hydrated UI and the intended UI. To avoid this, useLayoutEffect should only be used in components that render exclusively on the client. See https://reactjs.org/link/uselayouteffect-ssr for common fixes.
    at Presence (file:///Users/xaaronvx/Desktop/%20Partsunion%20Archiv/Admin-Dashboard/node_modules/@radix-ui/react-presence/dist/index.mjs:19:11)
    at Provider (file:///Users/xaaronvx/Desktop/%20Partsunion%20Archiv/Admin-Dashboard/node_modules/@radix-ui/react-context/dist/index.mjs:27:15)
    at DialogPortal (file:///Users/xaaronvx/Desktop/%20Partsunion%20Archiv/Admin-Dashboard/node_modules/@radix-ui/react-dialog/dist/index.mjs:85:11)
    at SheetPortal (/Users/xaaronvx/Desktop/ Partsunion Archiv/Admin-Dashboard/src/components/ui/sheet.tsx:51:27)
    at SheetContent (/Users/xaaronvx/Desktop/ Partsunion Archiv/Admin-Dashboard/src/components/ui/sheet.tsx:72:25)
    at Provider (file:///Users/xaaronvx/Desktop/%20Partsunion%20Archiv/Admin-Dashboard/node_modules/@radix-ui/react-context/dist/index.mjs:27:15)
    at Dialog (file:///Users/xaaronvx/Desktop/%20Partsunion%20Archiv/Admin-Dashboard/node_modules/@radix-ui/react-dialog/dist/index.mjs:25:5)
    at Sheet (/Users/xaaronvx/Desktop/ Partsunion Archiv/Admin-Dashboard/src/components/ui/sheet.tsx:21:21)
    at Provider (file:///Users/xaaronvx/Desktop/%20Partsunion%20Archiv/Admin-Dashboard/node_modules/@radix-ui/react-context/dist/index.mjs:27:15)
    at TooltipProvider (file:///Users/xaaronvx/Desktop/%20Partsunion%20Archiv/Admin-Dashboard/node_modules/@radix-ui/react-tooltip/dist/index.mjs:29:5)
    at TooltipProvider (/Users/xaaronvx/Desktop/ Partsunion Archiv/Admin-Dashboard/src/components/ui/tooltip.tsx:15:28)
    at AdminSidebar (/Users/xaaronvx/Desktop/ Partsunion Archiv/Admin-Dashboard/src/components/layout/AdminSidebar.tsx:140:25)
    at div
    at Router (/Users/xaaronvx/Desktop/ Partsunion Archiv/Admin-Dashboard/node_modules/react-router/dist/umd/react-router.development.js:1207:17)
    at MemoryRouter (/Users/xaaronvx/Desktop/ Partsunion Archiv/Admin-Dashboard/node_modules/react-router/dist/umd/react-router.development.js:1101:7)
    at QueryClientProvider (file:///Users/xaaronvx/Desktop/%20Partsunion%20Archiv/Admin-Dashboard/node_modules/@tanstack/react-query/build/modern/QueryClientProvider.js:20:3)
Warning: useLayoutEffect does nothing on the server, because its effect cannot be encoded into the server renderer&apos;s output format. This will lead to a mismatch between the initial, non-hydrated UI and the intended UI. To avoid this, useLayoutEffect should only be used in components that render exclusively on the client. See https://reactjs.org/link/uselayouteffect-ssr for common fixes.
    at Presence (file:///Users/xaaronvx/Desktop/%20Partsunion%20Archiv/Admin-Dashboard/node_modules/@radix-ui/react-presence/dist/index.mjs:19:11)
    at Provider (file:///Users/xaaronvx/Desktop/%20Partsunion%20Archiv/Admin-Dashboard/node_modules/@radix-ui/react-context/dist/index.mjs:27:15)
    at DialogPortal (file:///Users/xaaronvx/Desktop/%20Partsunion%20Archiv/Admin-Dashboard/node_modules/@radix-ui/react-dialog/dist/index.mjs:85:11)
    at SheetPortal (/Users/xaaronvx/Desktop/ Partsunion Archiv/Admin-Dashboard/src/components/ui/sheet.tsx:51:27)
    at SheetContent (/Users/xaaronvx/Desktop/ Partsunion Archiv/Admin-Dashboard/src/components/ui/sheet.tsx:72:25)
    at Provider (file:///Users/xaaronvx/Desktop/%20Partsunion%20Archiv/Admin-Dashboard/node_modules/@radix-ui/react-context/dist/index.mjs:27:15)
    at Dialog (file:///Users/xaaronvx/Desktop/%20Partsunion%20Archiv/Admin-Dashboard/node_modules/@radix-ui/react-dialog/dist/index.mjs:25:5)
    at Sheet (/Users/xaaronvx/Desktop/ Partsunion Archiv/Admin-Dashboard/src/components/ui/sheet.tsx:21:21)
    at Provider (file:///Users/xaaronvx/Desktop/%20Partsunion%20Archiv/Admin-Dashboard/node_modules/@radix-ui/react-context/dist/index.mjs:27:15)
    at TooltipProvider (file:///Users/xaaronvx/Desktop/%20Partsunion%20Archiv/Admin-Dashboard/node_modules/@radix-ui/react-tooltip/dist/index.mjs:29:5)
    at TooltipProvider (/Users/xaaronvx/Desktop/ Partsunion Archiv/Admin-Dashboard/src/components/ui/tooltip.tsx:15:28)
    at AdminSidebar (/Users/xaaronvx/Desktop/ Partsunion Archiv/Admin-Dashboard/src/components/layout/AdminSidebar.tsx:140:25)
    at div
    at Router (/Users/xaaronvx/Desktop/ Partsunion Archiv/Admin-Dashboard/node_modules/react-router/dist/umd/react-router.development.js:1207:17)
    at MemoryRouter (/Users/xaaronvx/Desktop/ Partsunion Archiv/Admin-Dashboard/node_modules/react-router/dist/umd/react-router.development.js:1101:7)
    at QueryClientProvider (file:///Users/xaaronvx/Desktop/%20Partsunion%20Archiv/Admin-Dashboard/node_modules/@tanstack/react-query/build/modern/QueryClientProvider.js:20:3)
[...]
    at DialogContent (/Users/xaaronvx/Desktop/ Partsunion Archiv/Admin-Dashboard/src/components/ui/dialog.tsx:74:26)
    at Provider (file:///Users/xaaronvx/Desktop/%20Partsunion%20Archiv/Admin-Dashboard/node_modules/@radix-ui/react-context/dist/index.mjs:27:15)
    at Dialog (file:///Users/xaaronvx/Desktop/%20Partsunion%20Archiv/Admin-Dashboard/node_modules/@radix-ui/react-dialog/dist/index.mjs:25:5)
    at Dialog (/Users/xaaronvx/Desktop/ Partsunion Archiv/Admin-Dashboard/src/components/ui/dialog.tsx:23:22)
    at ConfirmDialog (/Users/xaaronvx/Desktop/ Partsunion Archiv/Admin-Dashboard/src/components/feedback/ConfirmDialog.tsx:20:26)
    at div
    at TenantsListView (/Users/xaaronvx/Desktop/ Partsunion Archiv/Admin-Dashboard/src/views/tenants/TenantsListView.tsx:163:51)
    at Router (/Users/xaaronvx/Desktop/ Partsunion Archiv/Admin-Dashboard/node_modules/react-router/dist/umd/react-router.development.js:1207:17)
    at MemoryRouter (/Users/xaaronvx/Desktop/ Partsunion Archiv/Admin-Dashboard/node_modules/react-router/dist/umd/react-router.development.js:1101:7)
    at QueryClientProvider (file:///Users/xaaronvx/Desktop/%20Partsunion%20Archiv/Admin-Dashboard/node_modules/@tanstack/react-query/build/modern/QueryClientProvider.js:20:3)
Warning: useLayoutEffect does nothing on the server, because its effect cannot be encoded into the server renderer&apos;s output format. This will lead to a mismatch between the initial, non-hydrated UI and the intended UI. To avoid this, useLayoutEffect should only be used in components that render exclusively on the client. See https://reactjs.org/link/uselayouteffect-ssr for common fixes.
    at Presence (file:///Users/xaaronvx/Desktop/%20Partsunion%20Archiv/Admin-Dashboard/node_modules/@radix-ui/react-presence/dist/index.mjs:19:11)
    at Provider (file:///Users/xaaronvx/Desktop/%20Partsunion%20Archiv/Admin-Dashboard/node_modules/@radix-ui/react-context/dist/index.mjs:27:15)
    at DialogPortal (file:///Users/xaaronvx/Desktop/%20Partsunion%20Archiv/Admin-Dashboard/node_modules/@radix-ui/react-dialog/dist/index.mjs:85:11)
    at DialogPortal (/Users/xaaronvx/Desktop/ Partsunion Archiv/Admin-Dashboard/src/components/ui/dialog.tsx:43:28)
    at DialogContent (/Users/xaaronvx/Desktop/ Partsunion Archiv/Admin-Dashboard/src/components/ui/dialog.tsx:74:26)
    at Provider (file:///Users/xaaronvx/Desktop/%20Partsunion%20Archiv/Admin-Dashboard/node_modules/@radix-ui/react-context/dist/index.mjs:27:15)
    at Dialog (file:///Users/xaaronvx/Desktop/%20Partsunion%20Archiv/Admin-Dashboard/node_modules/@radix-ui/react-dialog/dist/index.mjs:25:5)
    at Dialog (/Users/xaaronvx/Desktop/ Partsunion Archiv/Admin-Dashboard/src/components/ui/dialog.tsx:23:22)
    at ConfirmDialog (/Users/xaaronvx/Desktop/ Partsunion Archiv/Admin-Dashboard/src/components/feedback/ConfirmDialog.tsx:20:26)
    at div
    at TenantsListView (/Users/xaaronvx/Desktop/ Partsunion Archiv/Admin-Dashboard/src/views/tenants/TenantsListView.tsx:163:51)
    at Router (/Users/xaaronvx/Desktop/ Partsunion Archiv/Admin-Dashboard/node_modules/react-router/dist/umd/react-router.development.js:1207:17)
    at MemoryRouter (/Users/xaaronvx/Desktop/ Partsunion Archiv/Admin-Dashboard/node_modules/react-router/dist/umd/react-router.development.js:1101:7)
    at QueryClientProvider (file:///Users/xaaronvx/Desktop/%20Partsunion%20Archiv/Admin-Dashboard/node_modules/@tanstack/react-query/build/modern/QueryClientProvider.js:20:3)
Warning: useLayoutEffect does nothing on the server, because its effect cannot be encoded into the server renderer&apos;s output format. This will lead to a mismatch between the initial, non-hydrated UI and the intended UI. To avoid this, useLayoutEffect should only be used in components that render exclusively on the client. See https://reactjs.org/link/uselayouteffect-ssr for common fixes.
    at Dialog (file:///Users/xaaronvx/Desktop/%20Partsunion%20Archiv/Admin-Dashboard/node_modules/@radix-ui/react-dialog/dist/index.mjs:25:5)
    at Dialog (/Users/xaaronvx/Desktop/ Partsunion Archiv/Admin-Dashboard/src/components/ui/dialog.tsx:23:22)
    at ConfirmDialog (/Users/xaaronvx/Desktop/ Partsunion Archiv/Admin-Dashboard/src/components/feedback/ConfirmDialog.tsx:20:26)
    at div
    at TenantsListView (/Users/xaaronvx/Desktop/ Partsunion Archiv/Admin-Dashboard/src/views/tenants/TenantsListView.tsx:163:51)
    at Router (/Users/xaaronvx/Desktop/ Partsunion Archiv/Admin-Dashboard/node_modules/react-router/dist/umd/react-router.development.js:1207:17)
    at MemoryRouter (/Users/xaaronvx/Desktop/ Partsunion Archiv/Admin-Dashboard/node_modules/react-router/dist/umd/react-router.development.js:1101:7)
    at QueryClientProvider (file:///Users/xaaronvx/Desktop/%20Partsunion%20Archiv/Admin-Dashboard/node_modules/@tanstack/react-query/build/modern/QueryClientProvider.js:20:3)
Warning: useLayoutEffect does nothing on the server, because its effect cannot be encoded into the server renderer&apos;s output format. This will lead to a mismatch between the initial, non-hydrated UI and the intended UI. To avoid this, useLayoutEffect should only be used in components that render exclusively on the client. See https://reactjs.org/link/uselayouteffect-ssr for common fixes.
    at Dialog (file:///Users/xaaronvx/Desktop/%20Partsunion%20Archiv/Admin-Dashboard/node_modules/@radix-ui/react-dialog/dist/index.mjs:25:5)
    at Dialog (/Users/xaaronvx/Desktop/ Partsunion Archiv/Admin-Dashboard/src/components/ui/dialog.tsx:23:22)
    at ConfirmDialog (/Users/xaaronvx/Desktop/ Partsunion Archiv/Admin-Dashboard/src/components/feedback/ConfirmDialog.tsx:20:26)
    at div
    at TenantsListView (/Users/xaaronvx/Desktop/ Partsunion Archiv/Admin-Dashboard/src/views/tenants/TenantsListView.tsx:163:51)
    at Router (/Users/xaaronvx/Desktop/ Partsunion Archiv/Admin-Dashboard/node_modules/react-router/dist/umd/react-router.development.js:1207:17)
    at MemoryRouter (/Users/xaaronvx/Desktop/ Partsunion Archiv/Admin-Dashboard/node_modules/react-router/dist/umd/react-router.development.js:1101:7)
    at QueryClientProvider (file:///Users/xaaronvx/Desktop/%20Partsunion%20Archiv/Admin-Dashboard/node_modules/@tanstack/react-query/build/modern/QueryClientProvider.js:20:3)
Warning: useLayoutEffect does nothing on the server, because its effect cannot be encoded into the server renderer&apos;s output format. This will lead to a mismatch between the initial, non-hydrated UI and the intended UI. To avoid this, useLayoutEffect should only be used in components that render exclusively on the client. See https://reactjs.org/link/uselayouteffect-ssr for common fixes.
    at Dialog (file:///Users/xaaronvx/Desktop/%20Partsunion%20Archiv/Admin-Dashboard/node_modules/@radix-ui/react-dialog/dist/index.mjs:25:5)
    at Dialog (/Users/xaaronvx/Desktop/ Partsunion Archiv/Admin-Dashboard/src/components/ui/dialog.tsx:23:22)
    at ConfirmDialog (/Users/xaaronvx/Desktop/ Partsunion Archiv/Admin-Dashboard/src/components/feedback/ConfirmDialog.tsx:20:26)
    at div
    at TenantsListView (/Users/xaaronvx/Desktop/ Partsunion Archiv/Admin-Dashboard/src/views/tenants/TenantsListView.tsx:163:51)
    at Router (/Users/xaaronvx/Desktop/ Partsunion Archiv/Admin-Dashboard/node_modules/react-router/dist/umd/react-router.development.js:1207:17)
    at MemoryRouter (/Users/xaaronvx/Desktop/ Partsunion Archiv/Admin-Dashboard/node_modules/react-router/dist/umd/react-router.development.js:1101:7)
    at QueryClientProvider (file:///Users/xaaronvx/Desktop/%20Partsunion%20Archiv/Admin-Dashboard/node_modules/@tanstack/react-query/build/modern/QueryClientProvider.js:20:3)
Warning: useLayoutEffect does nothing on the server, because its effect cannot be encoded into the server renderer&apos;s output format. This will lead to a mismatch between the initial, non-hydrated UI and the intended UI. To avoid this, useLayoutEffect should only be used in components that render exclusively on the client. See https://reactjs.org/link/uselayouteffect-ssr for common fixes.
    at Presence (file:///Users/xaaronvx/Desktop/%20Partsunion%20Archiv/Admin-Dashboard/node_modules/@radix-ui/react-presence/dist/index.mjs:19:11)
    at Provider (file:///Users/xaaronvx/Desktop/%20Partsunion%20Archiv/Admin-Dashboard/node_modules/@radix-ui/react-context/dist/index.mjs:27:15)
    at DialogPortal (file:///Users/xaaronvx/Desktop/%20Partsunion%20Archiv/Admin-Dashboard/node_modules/@radix-ui/react-dialog/dist/index.mjs:85:11)
    at DialogPortal (/Users/xaaronvx/Desktop/ Partsunion Archiv/Admin-Dashboard/src/components/ui/dialog.tsx:43:28)
    at DialogContent (/Users/xaaronvx/Desktop/ Partsunion Archiv/Admin-Dashboard/src/components/ui/dialog.tsx:74:26)
    at Provider (file:///Users/xaaronvx/Desktop/%20Partsunion%20Archiv/Admin-Dashboard/node_modules/@radix-ui/react-context/dist/index.mjs:27:15)
    at Dialog (file:///Users/xaaronvx/Desktop/%20Partsunion%20Archiv/Admin-Dashboard/node_modules/@radix-ui/react-dialog/dist/index.mjs:25:5)
    at Dialog (/Users/xaaronvx/Desktop/ Partsunion Archiv/Admin-Dashboard/src/components/ui/dialog.tsx:23:22)
    at ConfirmDialog (/Users/xaaronvx/Desktop/ Partsunion Archiv/Admin-Dashboard/src/components/feedback/ConfirmDialog.tsx:20:26)
    at div
    at TenantsListView (/Users/xaaronvx/Desktop/ Partsunion Archiv/Admin-Dashboard/src/views/tenants/TenantsListView.tsx:163:51)
    at Router (/Users/xaaronvx/Desktop/ Partsunion Archiv/Admin-Dashboard/node_modules/react-router/dist/umd/react-router.development.js:1207:17)
    at MemoryRouter (/Users/xaaronvx/Desktop/ Partsunion Archiv/Admin-Dashboard/node_modules/react-router/dist/umd/react-router.development.js:1101:7)
    at QueryClientProvider (file:///Users/xaaronvx/Desktop/%20Partsunion%20Archiv/Admin-Dashboard/node_modules/@tanstack/react-query/build/modern/QueryClientProvider.js:20:3)
Warning: useLayoutEffect does nothing on the server, because its effect cannot be encoded into the server renderer&apos;s output format. This will lead to a mismatch between the initial, non-hydrated UI and the intended UI. To avoid this, useLayoutEffect should only be used in components that render exclusively on the client. See https://reactjs.org/link/uselayouteffect-ssr for common fixes.
    at Presence (file:///Users/xaaronvx/Desktop/%20Partsunion%20Archiv/Admin-Dashboard/node_modules/@radix-ui/react-presence/dist/index.mjs:19:11)
    at Provider (file:///Users/xaaronvx/Desktop/%20Partsunion%20Archiv/Admin-Dashboard/node_modules/@radix-ui/react-context/dist/index.mjs:27:15)
    at DialogPortal (file:///Users/xaaronvx/Desktop/%20Partsunion%20Archiv/Admin-Dashboard/node_modules/@radix-ui/react-dialog/dist/index.mjs:85:11)
    at DialogPortal (/Users/xaaronvx/Desktop/ Partsunion Archiv/Admin-Dashboard/src/components/ui/dialog.tsx:43:28)
    at DialogContent (/Users/xaaronvx/Desktop/ Partsunion Archiv/Admin-Dashboard/src/components/ui/dialog.tsx:74:26)
    at Provider (file:///Users/xaaronvx/Desktop/%20Partsunion%20Archiv/Admin-Dashboard/node_modules/@radix-ui/react-context/dist/index.mjs:27:15)
    at Dialog (file:///Users/xaaronvx/Desktop/%20Partsunion%20Archiv/Admin-Dashboard/node_modules/@radix-ui/react-dialog/dist/index.mjs:25:5)
    at Dialog (/Users/xaaronvx/Desktop/ Partsunion Archiv/Admin-Dashboard/src/components/ui/dialog.tsx:23:22)
    at ConfirmDialog (/Users/xaaronvx/Desktop/ Partsunion Archiv/Admin-Dashboard/src/components/feedback/ConfirmDialog.tsx:20:26)
    at div
    at TenantsListView (/Users/xaaronvx/Desktop/ Partsunion Archiv/Admin-Dashboard/src/views/tenants/TenantsListView.tsx:163:51)
    at Router (/Users/xaaronvx/Desktop/ Partsunion Archiv/Admin-Dashboard/node_modules/react-router/dist/umd/react-router.development.js:1207:17)
    at MemoryRouter (/Users/xaaronvx/Desktop/ Partsunion Archiv/Admin-Dashboard/node_modules/react-router/dist/umd/react-router.development.js:1101:7)
    at QueryClientProvider (file:///Users/xaaronvx/Desktop/%20Partsunion%20Archiv/Admin-Dashboard/node_modules/@tanstack/react-query/build/modern/QueryClientProvider.js:20:3)
Warning: useLayoutEffect does nothing on the server, because its effect cannot be encoded into the server renderer&apos;s output format. This will lead to a mismatch between the initial, non-hydrated UI and the intended UI. To avoid this, useLayoutEffect should only be used in components that render exclusively on the client. See https://reactjs.org/link/uselayouteffect-ssr for common fixes.
    at Presence (file:///Users/xaaronvx/Desktop/%20Partsunion%20Archiv/Admin-Dashboard/node_modules/@radix-ui/react-presence/dist/index.mjs:19:11)
    at Provider (file:///Users/xaaronvx/Desktop/%20Partsunion%20Archiv/Admin-Dashboard/node_modules/@radix-ui/react-context/dist/index.mjs:27:15)
    at DialogPortal (file:///Users/xaaronvx/Desktop/%20Partsunion%20Archiv/Admin-Dashboard/node_modules/@radix-ui/react-dialog/dist/index.mjs:85:11)
    at DialogPortal (/Users/xaaronvx/Desktop/ Partsunion Archiv/Admin-Dashboard/src/components/ui/dialog.tsx:43:28)
    at DialogContent (/Users/xaaronvx/Desktop/ Partsunion Archiv/Admin-Dashboard/src/components/ui/dialog.tsx:74:26)
    at Provider (file:///Users/xaaronvx/Desktop/%20Partsunion%20Archiv/Admin-Dashboard/node_modules/@radix-ui/react-context/dist/index.mjs:27:15)
    at Dialog (file:///Users/xaaronvx/Desktop/%20Partsunion%20Archiv/Admin-Dashboard/node_modules/@radix-ui/react-dialog/dist/index.mjs:25:5)
    at Dialog (/Users/xaaronvx/Desktop/ Partsunion Archiv/Admin-Dashboard/src/components/ui/dialog.tsx:23:22)
    at ConfirmDialog (/Users/xaaronvx/Desktop/ Partsunion Archiv/Admin-Dashboard/src/components/feedback/ConfirmDialog.tsx:20:26)
    at div
    at TenantsListView (/Users/xaaronvx/Desktop/ Partsunion Archiv/Admin-Dashboard/src/views/tenants/TenantsListView.tsx:163:51)
    at Router (/Users/xaaronvx/Desktop/ Partsunion Archiv/Admin-Dashboard/node_modules/react-router/dist/umd/react-router.development.js:1207:17)
    at MemoryRouter (/Users/xaaronvx/Desktop/ Partsunion Archiv/Admin-Dashboard/node_modules/react-router/dist/umd/react-router.development.js:1101:7)
    at QueryClientProvider (file:///Users/xaaronvx/Desktop/%20Partsunion%20Archiv/Admin-Dashboard/node_modules/@tanstack/react-query/build/modern/QueryClientProvider.js:20:3)
Warning: useLayoutEffect does nothing on the server, because its effect cannot be encoded into the server renderer&apos;s output format. This will lead to a mismatch between the initial, non-hydrated UI and the intended UI. To avoid this, useLayoutEffect should only be used in components that render exclusively on the client. See https://reactjs.org/link/uselayouteffect-ssr for common fixes.
    at Presence (file:///Users/xaaronvx/Desktop/%20Partsunion%20Archiv/Admin-Dashboard/node_modules/@radix-ui/react-presence/dist/index.mjs:19:11)
    at Provider (file:///Users/xaaronvx/Desktop/%20Partsunion%20Archiv/Admin-Dashboard/node_modules/@radix-ui/react-context/dist/index.mjs:27:15)
    at DialogPortal (file:///Users/xaaronvx/Desktop/%20Partsunion%20Archiv/Admin-Dashboard/node_modules/@radix-ui/react-dialog/dist/index.mjs:85:11)
    at DialogPortal (/Users/xaaronvx/Desktop/ Partsunion Archiv/Admin-Dashboard/src/components/ui/dialog.tsx:43:28)
    at DialogContent (/Users/xaaronvx/Desktop/ Partsunion Archiv/Admin-Dashboard/src/components/ui/dialog.tsx:74:26)
    at Provider (file:///Users/xaaronvx/Desktop/%20Partsunion%20Archiv/Admin-Dashboard/node_modules/@radix-ui/react-context/dist/index.mjs:27:15)
    at Dialog (file:///Users/xaaronvx/Desktop/%20Partsunion%20Archiv/Admin-Dashboard/node_modules/@radix-ui/react-dialog/dist/index.mjs:25:5)
    at Dialog (/Users/xaaronvx/Desktop/ Partsunion Archiv/Admin-Dashboard/src/components/ui/dialog.tsx:23:22)
    at ConfirmDialog (/Users/xaaronvx/Desktop/ Partsunion Archiv/Admin-Dashboard/src/components/feedback/ConfirmDialog.tsx:20:26)
    at div
    at TenantsListView (/Users/xaaronvx/Desktop/ Partsunion Archiv/Admin-Dashboard/src/views/tenants/TenantsListView.tsx:163:51)
    at Router (/Users/xaaronvx/Desktop/ Partsunion Archiv/Admin-Dashboard/node_modules/react-router/dist/umd/react-router.development.js:1207:17)
    at MemoryRouter (/Users/xaaronvx/Desktop/ Partsunion Archiv/Admin-Dashboard/node_modules/react-router/dist/umd/react-router.development.js:1101:7)
    at QueryClientProvider (file:///Users/xaaronvx/Desktop/%20Partsunion%20Archiv/Admin-Dashboard/node_modules/@tanstack/react-query/build/modern/QueryClientProvider.js:20:3)
Warning: useLayoutEffect does nothing on the server, because its effect cannot be encoded into the server renderer&apos;s output format. This will lead to a mismatch between the initial, non-hydrated UI and the intended UI. To avoid this, useLayoutEffect should only be used in components that render exclusively on the client. See https://reactjs.org/link/uselayouteffect-ssr for common fixes.
    at MemoryRouter (/Users/xaaronvx/Desktop/ Partsunion Archiv/Admin-Dashboard/node_modules/react-router/dist/umd/react-router.development.js:1101:7)
    at QueryClientProvider (file:///Users/xaaronvx/Desktop/%20Partsunion%20Archiv/Admin-Dashboard/node_modules/@tanstack/react-query/build/modern/QueryClientProvider.js:20:3)
Warning: useLayoutEffect does nothing on the server, because its effect cannot be encoded into the server renderer&apos;s output format. This will lead to a mismatch between the initial, non-hydrated UI and the intended UI. To avoid this, useLayoutEffect should only be used in components that render exclusively on the client. See https://reactjs.org/link/uselayouteffect-ssr for common fixes.
    at LinkWithRef (/Users/xaaronvx/Desktop/ Partsunion Archiv/Admin-Dashboard/node_modules/react-router-dom/dist/umd/react-router-dom.development.js:814:9)
    at td
    at tr
    at tbody
    at table
    at div
    at TabellenKarte (/Users/xaaronvx/Desktop/ Partsunion Archiv/Admin-Dashboard/src/components/ui/seite.tsx:227:26)
    at div
    at OnboardingPipelineView (/Users/xaaronvx/Desktop/ Partsunion Archiv/Admin-Dashboard/src/views/onboarding/OnboardingPipelineView.tsx:59:54)
    at Router (/Users/xaaronvx/Desktop/ Partsunion Archiv/Admin-Dashboard/node_modules/react-router/dist/umd/react-router.development.js:1207:17)
    at MemoryRouter (/Users/xaaronvx/Desktop/ Partsunion Archiv/Admin-Dashboard/node_modules/react-router/dist/umd/react-router.development.js:1101:7)
    at QueryClientProvider (file:///Users/xaaronvx/Desktop/%20Partsunion%20Archiv/Admin-Dashboard/node_modules/@tanstack/react-query/build/modern/QueryClientProvider.js:20:3)
Warning: useLayoutEffect does nothing on the server, because its effect cannot be encoded into the server renderer&apos;s output format. This will lead to a mismatch between the initial, non-hydrated UI and the intended UI. To avoid this, useLayoutEffect should only be used in components that render exclusively on the client. See https://reactjs.org/link/uselayouteffect-ssr for common fixes.
    at LinkWithRef (/Users/xaaronvx/Desktop/ Partsunion Archiv/Admin-Dashboard/node_modules/react-router-dom/dist/umd/react-router-dom.development.js:814:9)
    at td
    at tr
    at tbody
    at table
    at div
    at TabellenKarte (/Users/xaaronvx/Desktop/ Partsunion Archiv/Admin-Dashboard/src/components/ui/seite.tsx:227:26)
    at div
    at OnboardingPipelineView (/Users/xaaronvx/Desktop/ Partsunion Archiv/Admin-Dashboard/src/views/onboarding/OnboardingPipelineView.tsx:59:54)
    at Router (/Users/xaaronvx/Desktop/ Partsunion Archiv/Admin-Dashboard/node_modules/react-router/dist/umd/react-router.development.js:1207:17)
    at MemoryRouter (/Users/xaaronvx/Desktop/ Partsunion Archiv/Admin-Dashboard/node_modules/react-router/dist/umd/react-router.development.js:1101:7)
    at QueryClientProvider (file:///Users/xaaronvx/Desktop/%20Partsunion%20Archiv/Admin-Dashboard/node_modules/@tanstack/react-query/build/modern/QueryClientProvider.js:20:3)

            </system-err>
        </testcase>
    </testsuite>
</testsuites>
